#
# A fatal error has been detected by the Java Runtime Environment:
#
#  Internal Error (vmThread.cpp:680), pid=10476, tid=10490
#  fatal error: Nested VM operation CollectForMetadataAllocation requested by operation ChangeBreakpoints
#
# JRE version: Java(TM) SE Runtime Environment (11.0.2+9) (build 11.0.2+9-LTS)
# Java VM: Java HotSpot(TM) 64-Bit Server VM (11.0.2+9-LTS, mixed mode, tiered, compressed oops, g1 gc, linux-amd64)
# Core dump will be written. Default location: Core dumps may be processed with "/usr/share/apport/apport %p %s %c %d %P" (or dumping to /home/rphgoossens/Work/camel-rest-metrics/core.10476)
#
# If you would like to submit a bug report, please visit:
#   http://bugreport.java.com/bugreport/crash.jsp
#

---------------  S U M M A R Y ------------

Command Line: -agentlib:jdwp=transport=dt_socket,address=127.0.0.1:36235,suspend=y,server=n -XX:TieredStopAtLevel=1 -Xverify:none -Dspring.output.ansi.enabled=always -Dcom.sun.management.jmxremote -Dspring.jmx.enabled=true -Dspring.liveBeansView.mbeanDomain -Dspring.application.admin.enabled=true -javaagent:/snap/intellij-idea-ultimate/204/plugins/java/lib/rt/debugger-agent.jar -Dfile.encoding=UTF-8 nl.terrax.camel.Application

Host: Intel(R) Core(TM) i7-8750H CPU @ 2.20GHz, 12 cores, 15G, Ubuntu 18.04.4 LTS
Time: Sun Mar  8 15:44:37 2020 CET elapsed time: 2 seconds (0d 0h 0m 2s)

---------------  T H R E A D  ---------------

Current thread (0x00007f87ec26e800):  VMThread "VM Thread" [stack: 0x00007f87d40b5000,0x00007f87d41b5000] [id=10490]

Stack: [0x00007f87d40b5000,0x00007f87d41b5000],  sp=0x00007f87d41b3330,  free space=1016k
Native frames: (J=compiled Java code, A=aot compiled Java code, j=interpreted, Vv=VM code, C=native code)
V  [libjvm.so+0xe293b7]  VMError::report_and_die(int, char const*, char const*, __va_list_tag*, Thread*, unsigned char*, void*, void*, char const*, int, unsigned long)+0x317
V  [libjvm.so+0xe29fdf]  VMError::report_and_die(Thread*, void*, char const*, int, char const*, char const*, __va_list_tag*)+0x2f
V  [libjvm.so+0x69a3da]  report_fatal(char const*, int, char const*, ...)+0x10a
V  [libjvm.so+0xe30cb3]  VMThread::execute(VM_Operation*)+0x373
V  [libjvm.so+0x60ceed]  CollectedHeap::satisfy_failed_metadata_allocation(ClassLoaderData*, unsigned long, Metaspace::MetadataType)+0xdd
V  [libjvm.so+0xb7020e]  Metaspace::allocate(ClassLoaderData*, unsigned long, MetaspaceObj::Type, Thread*)+0xfe
V  [libjvm.so+0xb8a09b]  MethodCounters::allocate(methodHandle const&, Thread*)+0x3b
V  [libjvm.so+0xb86653]  Method::build_method_counters(Method*, Thread*)+0x83
V  [libjvm.so+0xb86f1b]  Method::set_breakpoint(int)+0x24b
V  [libjvm.so+0xa170c0]  JvmtiBreakpoint::each_method_version_do(void (Method::*)(int))+0x40
V  [libjvm.so+0xe33b57]  VM_Operation::evaluate()+0xe7
V  [libjvm.so+0xe3133f]  VMThread::evaluate_operation(VM_Operation*) [clone .constprop.54]+0xff
V  [libjvm.so+0xe31876]  VMThread::loop()+0x3e6
V  [libjvm.so+0xe31cbb]  VMThread::run()+0x7b
V  [libjvm.so+0xc09750]  thread_native_entry(Thread*)+0xf0

VM_Operation (0x00007f87c0a248a0): ChangeBreakpoints, mode: safepoint, requested by thread 0x00007f87ec3a7800


---------------  P R O C E S S  ---------------

Threads class SMR info:
_java_thread_list=0x00007f874808c310, length=18, elements={
0x00007f87ec018000, 0x00007f87ec276800, 0x00007f87ec27b000, 0x00007f87ec28e800,
0x00007f87ec290800, 0x00007f87ec292800, 0x00007f87ec346000, 0x00007f87a40a7000,
0x00007f87ec3a7800, 0x00007f87ec3ab000, 0x00007f8794001800, 0x00007f87eca29800,
0x00007f87ecb14000, 0x00007f879010f000, 0x00007f8790111000, 0x00007f87a0001000,
0x00007f877c002000, 0x00007f874c02b000
}

Java Threads: ( => current thread )
  0x00007f87ec018000 JavaThread "main" [_thread_blocked, id=10481, stack(0x00007f87f6569000,0x00007f87f666a000)]
  0x00007f87ec276800 JavaThread "Reference Handler" daemon [_thread_blocked, id=10495, stack(0x00007f87c849f000,0x00007f87c85a0000)]
  0x00007f87ec27b000 JavaThread "Finalizer" daemon [_thread_blocked, id=10496, stack(0x00007f87c839e000,0x00007f87c849f000)]
  0x00007f87ec28e800 JavaThread "Signal Dispatcher" daemon [_thread_blocked, id=10497, stack(0x00007f87c829d000,0x00007f87c839e000)]
  0x00007f87ec290800 JavaThread "C1 CompilerThread0" daemon [_thread_blocked, id=10498, stack(0x00007f87c819c000,0x00007f87c829d000)]
  0x00007f87ec292800 JavaThread "Sweeper thread" daemon [_thread_blocked, id=10499, stack(0x00007f87c809b000,0x00007f87c819c000)]
  0x00007f87ec346000 JavaThread "Common-Cleaner" daemon [_thread_blocked, id=10503, stack(0x00007f87c0d2d000,0x00007f87c0e2e000)]
  0x00007f87a40a7000 JavaThread "C1 CompilerThread1" daemon [_thread_blocked, id=10504, stack(0x00007f87c0c2c000,0x00007f87c0d2d000)]
  0x00007f87ec3a7800 JavaThread "JDWP Transport Listener: dt_socket" daemon [_thread_blocked, id=10505, stack(0x00007f87c0925000,0x00007f87c0a26000)]
  0x00007f87ec3ab000 JavaThread "JDWP Event Helper Thread" daemon [_thread_blocked, id=10508, stack(0x00007f87c0824000,0x00007f87c0925000)]
  0x00007f8794001800 JavaThread "JDWP Command Reader" daemon [_thread_in_native, id=10509, stack(0x00007f87c0723000,0x00007f87c0824000)]
  0x00007f87eca29800 JavaThread "Service Thread" daemon [_thread_blocked, id=10510, stack(0x00007f87c01f9000,0x00007f87c02fa000)]
  0x00007f87ecb14000 JavaThread "RMI TCP Accept-0" daemon [_thread_in_native, id=10512, stack(0x00007f87c00f8000,0x00007f87c01f9000)]
  0x00007f879010f000 JavaThread "C1 CompilerThread2" daemon [_thread_blocked, id=10515, stack(0x00007f87873ef000,0x00007f87874f0000)]
  0x00007f8790111000 JavaThread "C1 CompilerThread3" daemon [_thread_blocked, id=10516, stack(0x00007f87872ee000,0x00007f87873ef000)]
  0x00007f87a0001000 JavaThread "Attach Listener" daemon [_thread_blocked, id=10533, stack(0x00007f8786be5000,0x00007f8786ce6000)]
  0x00007f877c002000 JavaThread "RMI TCP Connection(1)-127.0.0.1" daemon [_thread_in_native, id=10535, stack(0x00007f8785ce0000,0x00007f8785de1000)]
  0x00007f874c02b000 JavaThread "RMI Scheduler(0)" daemon [_thread_blocked, id=10536, stack(0x00007f8785bdf000,0x00007f8785ce0000)]

Other Threads:
=>0x00007f87ec26e800 VMThread "VM Thread" [stack: 0x00007f87d40b5000,0x00007f87d41b5000] [id=10490]
  0x00007f87ecb1b800 WatcherThread [stack: 0x00007f87874f2000,0x00007f87875f2000] [id=10513]
  0x00007f87ec040800 GCTaskThread "GC Thread#0" [stack: 0x00007f87f262d000,0x00007f87f272d000] [id=10482]
  0x00007f87b4001000 GCTaskThread "GC Thread#1" [stack: 0x00007f87871ee000,0x00007f87872ee000] [id=10517]
  0x00007f87b4002800 GCTaskThread "GC Thread#2" [stack: 0x00007f87870ec000,0x00007f87871ec000] [id=10518]
  0x00007f87b4004000 GCTaskThread "GC Thread#3" [stack: 0x00007f8786fea000,0x00007f87870ea000] [id=10519]
  0x00007f87b4005800 GCTaskThread "GC Thread#4" [stack: 0x00007f8786ee8000,0x00007f8786fe8000] [id=10520]
  0x00007f87ec09d000 ConcurrentGCThread "G1 Main Marker" [stack: 0x00007f87f0332000,0x00007f87f0432000] [id=10483]
  0x00007f87ec09f000 ConcurrentGCThread "G1 Conc#0" [stack: 0x00007f87f0230000,0x00007f87f0330000] [id=10484]
  0x00007f87c4001000 ConcurrentGCThread "G1 Conc#1" [stack: 0x00007f87864e5000,0x00007f87865e5000] [id=10531]
  0x00007f87c4002800 ConcurrentGCThread "G1 Conc#2" [stack: 0x00007f87863e3000,0x00007f87864e3000] [id=10532]
  0x00007f87ec1a3800 ConcurrentGCThread "G1 Refine#0" [stack: 0x00007f87d433a000,0x00007f87d443a000] [id=10485]
  0x00007f87ec1a5000 ConcurrentGCThread "G1 Young RemSet Sampling" [stack: 0x00007f87d4238000,0x00007f87d4338000] [id=10486]

Threads with active compile tasks:

VM state:at safepoint (normal execution)

VM Mutex/Monitor currently owned by a thread:  ([mutex/lock_event])
[0x00007f87ec0144f0] Threads_lock - owner thread: 0x00007f87ec26e800

Heap address: 0x000000070b400000, size: 3916 MB, Compressed Oops mode: Zero based, Oop shift amount: 3
Narrow klass base: 0x0000000800000000, Narrow klass shift: 0
Compressed class space size: 1073741824 Address: 0x0000000800000000

Heap:
 garbage-first heap   total 303104K, used 29487K [0x000000070b400000, 0x0000000800000000)
  region size 1024K, 21 young (21504K), 9 survivors (9216K)
 Metaspace       used 34779K, capacity 35681K, committed 35888K, reserved 1081344K
  class space    used 4366K, capacity 4725K, committed 4736K, reserved 1048576K
Heap Regions: E=young(eden), S=young(survivor), O=old, HS=humongous(starts), HC=humongous(continues), CS=collection set, F=free, A=archive, TAMS=top-at-mark-start (previous, next)
|   0|0x000000070b400000, 0x000000070b500000, 0x000000070b500000|100%|HS|  |TAMS 0x000000070b500000, 0x000000070b400000| Complete 
|   1|0x000000070b500000, 0x000000070b600000, 0x000000070b600000|100%| O|  |TAMS 0x000000070b600000, 0x000000070b500000| Untracked 
|   2|0x000000070b600000, 0x000000070b700000, 0x000000070b700000|100%| O|  |TAMS 0x000000070b700000, 0x000000070b600000| Untracked 
|   3|0x000000070b700000, 0x000000070b800000, 0x000000070b800000|100%| O|  |TAMS 0x000000070b800000, 0x000000070b700000| Untracked 
|   4|0x000000070b800000, 0x000000070b900000, 0x000000070b900000|100%| O|  |TAMS 0x000000070b900000, 0x000000070b800000| Untracked 
|   5|0x000000070b900000, 0x000000070ba00000, 0x000000070ba00000|100%| O|  |TAMS 0x000000070b9f6000, 0x000000070b900000| Untracked 
|   6|0x000000070ba00000, 0x000000070bb00000, 0x000000070bb00000|100%| O|  |TAMS 0x000000070ba00000, 0x000000070ba00000| Untracked 
|   7|0x000000070bb00000, 0x000000070bc00000, 0x000000070bc00000|100%| O|  |TAMS 0x000000070bb00000, 0x000000070bb00000| Untracked 
|   8|0x000000070bc00000, 0x000000070bccbe00, 0x000000070bd00000| 79%| O|  |TAMS 0x000000070bc00000, 0x000000070bc00000| Untracked 
|   9|0x000000070bd00000, 0x000000070bd00000, 0x000000070be00000|  0%| F|  |TAMS 0x000000070bd00000, 0x000000070bd00000| Untracked 
|  10|0x000000070be00000, 0x000000070be00000, 0x000000070bf00000|  0%| F|  |TAMS 0x000000070be00000, 0x000000070be00000| Untracked 
|  11|0x000000070bf00000, 0x000000070bf00000, 0x000000070c000000|  0%| F|  |TAMS 0x000000070bf00000, 0x000000070bf00000| Untracked 
|  12|0x000000070c000000, 0x000000070c000000, 0x000000070c100000|  0%| F|  |TAMS 0x000000070c000000, 0x000000070c000000| Untracked 
|  13|0x000000070c100000, 0x000000070c100000, 0x000000070c200000|  0%| F|  |TAMS 0x000000070c100000, 0x000000070c100000| Untracked 
|  14|0x000000070c200000, 0x000000070c200000, 0x000000070c300000|  0%| F|  |TAMS 0x000000070c200000, 0x000000070c200000| Untracked 
|  15|0x000000070c300000, 0x000000070c300000, 0x000000070c400000|  0%| F|  |TAMS 0x000000070c300000, 0x000000070c300000| Untracked 
|  16|0x000000070c400000, 0x000000070c400000, 0x000000070c500000|  0%| F|  |TAMS 0x000000070c400000, 0x000000070c400000| Untracked 
|  17|0x000000070c500000, 0x000000070c500000, 0x000000070c600000|  0%| F|  |TAMS 0x000000070c500000, 0x000000070c500000| Untracked 
|  18|0x000000070c600000, 0x000000070c600000, 0x000000070c700000|  0%| F|  |TAMS 0x000000070c600000, 0x000000070c600000| Untracked 
|  19|0x000000070c700000, 0x000000070c700000, 0x000000070c800000|  0%| F|  |TAMS 0x000000070c700000, 0x000000070c700000| Untracked 
|  20|0x000000070c800000, 0x000000070c800000, 0x000000070c900000|  0%| F|  |TAMS 0x000000070c800000, 0x000000070c800000| Untracked 
|  21|0x000000070c900000, 0x000000070c900000, 0x000000070ca00000|  0%| F|  |TAMS 0x000000070c900000, 0x000000070c900000| Untracked 
|  22|0x000000070ca00000, 0x000000070ca00000, 0x000000070cb00000|  0%| F|  |TAMS 0x000000070ca00000, 0x000000070ca00000| Untracked 
|  23|0x000000070cb00000, 0x000000070cb00000, 0x000000070cc00000|  0%| F|  |TAMS 0x000000070cb00000, 0x000000070cb00000| Untracked 
|  24|0x000000070cc00000, 0x000000070cc00000, 0x000000070cd00000|  0%| F|  |TAMS 0x000000070cc00000, 0x000000070cc00000| Untracked 
|  25|0x000000070cd00000, 0x000000070cd00000, 0x000000070ce00000|  0%| F|  |TAMS 0x000000070cd00000, 0x000000070cd00000| Untracked 
|  26|0x000000070ce00000, 0x000000070ce00000, 0x000000070cf00000|  0%| F|  |TAMS 0x000000070ce00000, 0x000000070ce00000| Untracked 
|  27|0x000000070cf00000, 0x000000070cf00000, 0x000000070d000000|  0%| F|  |TAMS 0x000000070cf00000, 0x000000070cf00000| Untracked 
|  28|0x000000070d000000, 0x000000070d000000, 0x000000070d100000|  0%| F|  |TAMS 0x000000070d000000, 0x000000070d000000| Untracked 
|  29|0x000000070d100000, 0x000000070d100000, 0x000000070d200000|  0%| F|  |TAMS 0x000000070d100000, 0x000000070d100000| Untracked 
|  30|0x000000070d200000, 0x000000070d200000, 0x000000070d300000|  0%| F|  |TAMS 0x000000070d200000, 0x000000070d200000| Untracked 
|  31|0x000000070d300000, 0x000000070d300000, 0x000000070d400000|  0%| F|  |TAMS 0x000000070d300000, 0x000000070d300000| Untracked 
|  32|0x000000070d400000, 0x000000070d400000, 0x000000070d500000|  0%| F|  |TAMS 0x000000070d400000, 0x000000070d400000| Untracked 
|  33|0x000000070d500000, 0x000000070d500000, 0x000000070d600000|  0%| F|  |TAMS 0x000000070d500000, 0x000000070d500000| Untracked 
|  34|0x000000070d600000, 0x000000070d600000, 0x000000070d700000|  0%| F|  |TAMS 0x000000070d600000, 0x000000070d600000| Untracked 
|  35|0x000000070d700000, 0x000000070d700000, 0x000000070d800000|  0%| F|  |TAMS 0x000000070d700000, 0x000000070d700000| Untracked 
|  36|0x000000070d800000, 0x000000070d800000, 0x000000070d900000|  0%| F|  |TAMS 0x000000070d800000, 0x000000070d800000| Untracked 
|  37|0x000000070d900000, 0x000000070d900000, 0x000000070da00000|  0%| F|  |TAMS 0x000000070d900000, 0x000000070d900000| Untracked 
|  38|0x000000070da00000, 0x000000070da00000, 0x000000070db00000|  0%| F|  |TAMS 0x000000070da00000, 0x000000070da00000| Untracked 
|  39|0x000000070db00000, 0x000000070db00000, 0x000000070dc00000|  0%| F|  |TAMS 0x000000070db00000, 0x000000070db00000| Untracked 
|  40|0x000000070dc00000, 0x000000070dc00000, 0x000000070dd00000|  0%| F|  |TAMS 0x000000070dc00000, 0x000000070dc00000| Untracked 
|  41|0x000000070dd00000, 0x000000070dd00000, 0x000000070de00000|  0%| F|  |TAMS 0x000000070dd00000, 0x000000070dd00000| Untracked 
|  42|0x000000070de00000, 0x000000070de00000, 0x000000070df00000|  0%| F|  |TAMS 0x000000070de00000, 0x000000070de00000| Untracked 
|  43|0x000000070df00000, 0x000000070df00000, 0x000000070e000000|  0%| F|  |TAMS 0x000000070df00000, 0x000000070df00000| Untracked 
|  44|0x000000070e000000, 0x000000070e000000, 0x000000070e100000|  0%| F|  |TAMS 0x000000070e000000, 0x000000070e000000| Untracked 
|  45|0x000000070e100000, 0x000000070e100000, 0x000000070e200000|  0%| F|  |TAMS 0x000000070e100000, 0x000000070e100000| Untracked 
|  46|0x000000070e200000, 0x000000070e200000, 0x000000070e300000|  0%| F|  |TAMS 0x000000070e200000, 0x000000070e200000| Untracked 
|  47|0x000000070e300000, 0x000000070e300000, 0x000000070e400000|  0%| F|  |TAMS 0x000000070e300000, 0x000000070e300000| Untracked 
|  48|0x000000070e400000, 0x000000070e400000, 0x000000070e500000|  0%| F|  |TAMS 0x000000070e400000, 0x000000070e400000| Untracked 
|  49|0x000000070e500000, 0x000000070e500000, 0x000000070e600000|  0%| F|  |TAMS 0x000000070e500000, 0x000000070e500000| Untracked 
|  50|0x000000070e600000, 0x000000070e600000, 0x000000070e700000|  0%| F|  |TAMS 0x000000070e600000, 0x000000070e600000| Untracked 
|  51|0x000000070e700000, 0x000000070e700000, 0x000000070e800000|  0%| F|  |TAMS 0x000000070e700000, 0x000000070e700000| Untracked 
|  52|0x000000070e800000, 0x000000070e800000, 0x000000070e900000|  0%| F|  |TAMS 0x000000070e800000, 0x000000070e800000| Untracked 
|  53|0x000000070e900000, 0x000000070e900000, 0x000000070ea00000|  0%| F|  |TAMS 0x000000070e900000, 0x000000070e900000| Untracked 
|  54|0x000000070ea00000, 0x000000070ea00000, 0x000000070eb00000|  0%| F|  |TAMS 0x000000070ea00000, 0x000000070ea00000| Untracked 
|  55|0x000000070eb00000, 0x000000070eb00000, 0x000000070ec00000|  0%| F|  |TAMS 0x000000070eb00000, 0x000000070eb00000| Untracked 
|  56|0x000000070ec00000, 0x000000070ec00000, 0x000000070ed00000|  0%| F|  |TAMS 0x000000070ec00000, 0x000000070ec00000| Untracked 
|  57|0x000000070ed00000, 0x000000070ed00000, 0x000000070ee00000|  0%| F|  |TAMS 0x000000070ed00000, 0x000000070ed00000| Untracked 
|  58|0x000000070ee00000, 0x000000070ee00000, 0x000000070ef00000|  0%| F|  |TAMS 0x000000070ee00000, 0x000000070ee00000| Untracked 
|  59|0x000000070ef00000, 0x000000070ef00000, 0x000000070f000000|  0%| F|  |TAMS 0x000000070ef00000, 0x000000070ef00000| Untracked 
|  60|0x000000070f000000, 0x000000070f000000, 0x000000070f100000|  0%| F|  |TAMS 0x000000070f000000, 0x000000070f000000| Untracked 
|  61|0x000000070f100000, 0x000000070f100000, 0x000000070f200000|  0%| F|  |TAMS 0x000000070f100000, 0x000000070f100000| Untracked 
|  62|0x000000070f200000, 0x000000070f200000, 0x000000070f300000|  0%| F|  |TAMS 0x000000070f200000, 0x000000070f200000| Untracked 
|  63|0x000000070f300000, 0x000000070f300000, 0x000000070f400000|  0%| F|  |TAMS 0x000000070f300000, 0x000000070f300000| Untracked 
|  64|0x000000070f400000, 0x000000070f400000, 0x000000070f500000|  0%| F|  |TAMS 0x000000070f400000, 0x000000070f400000| Untracked 
|  65|0x000000070f500000, 0x000000070f500000, 0x000000070f600000|  0%| F|  |TAMS 0x000000070f500000, 0x000000070f500000| Untracked 
|  66|0x000000070f600000, 0x000000070f600000, 0x000000070f700000|  0%| F|  |TAMS 0x000000070f600000, 0x000000070f600000| Untracked 
|  67|0x000000070f700000, 0x000000070f700000, 0x000000070f800000|  0%| F|  |TAMS 0x000000070f700000, 0x000000070f700000| Untracked 
|  68|0x000000070f800000, 0x000000070f800000, 0x000000070f900000|  0%| F|  |TAMS 0x000000070f800000, 0x000000070f800000| Untracked 
|  69|0x000000070f900000, 0x000000070f900000, 0x000000070fa00000|  0%| F|  |TAMS 0x000000070f900000, 0x000000070f900000| Untracked 
|  70|0x000000070fa00000, 0x000000070fa00000, 0x000000070fb00000|  0%| F|  |TAMS 0x000000070fa00000, 0x000000070fa00000| Untracked 
|  71|0x000000070fb00000, 0x000000070fb00000, 0x000000070fc00000|  0%| F|  |TAMS 0x000000070fb00000, 0x000000070fb00000| Untracked 
|  72|0x000000070fc00000, 0x000000070fc00000, 0x000000070fd00000|  0%| F|  |TAMS 0x000000070fc00000, 0x000000070fc00000| Untracked 
|  73|0x000000070fd00000, 0x000000070fd00000, 0x000000070fe00000|  0%| F|  |TAMS 0x000000070fd00000, 0x000000070fd00000| Untracked 
|  74|0x000000070fe00000, 0x000000070fe00000, 0x000000070ff00000|  0%| F|  |TAMS 0x000000070fe00000, 0x000000070fe00000| Untracked 
|  75|0x000000070ff00000, 0x000000070ff00000, 0x0000000710000000|  0%| F|  |TAMS 0x000000070ff00000, 0x000000070ff00000| Untracked 
|  76|0x0000000710000000, 0x0000000710000000, 0x0000000710100000|  0%| F|  |TAMS 0x0000000710000000, 0x0000000710000000| Untracked 
|  77|0x0000000710100000, 0x0000000710100000, 0x0000000710200000|  0%| F|  |TAMS 0x0000000710100000, 0x0000000710100000| Untracked 
|  78|0x0000000710200000, 0x0000000710200000, 0x0000000710300000|  0%| F|  |TAMS 0x0000000710200000, 0x0000000710200000| Untracked 
|  79|0x0000000710300000, 0x0000000710300000, 0x0000000710400000|  0%| F|  |TAMS 0x0000000710300000, 0x0000000710300000| Untracked 
|  80|0x0000000710400000, 0x0000000710400000, 0x0000000710500000|  0%| F|  |TAMS 0x0000000710400000, 0x0000000710400000| Untracked 
|  81|0x0000000710500000, 0x0000000710500000, 0x0000000710600000|  0%| F|  |TAMS 0x0000000710500000, 0x0000000710500000| Untracked 
|  82|0x0000000710600000, 0x0000000710600000, 0x0000000710700000|  0%| F|  |TAMS 0x0000000710600000, 0x0000000710600000| Untracked 
|  83|0x0000000710700000, 0x0000000710700000, 0x0000000710800000|  0%| F|  |TAMS 0x0000000710700000, 0x0000000710700000| Untracked 
|  84|0x0000000710800000, 0x0000000710800000, 0x0000000710900000|  0%| F|  |TAMS 0x0000000710800000, 0x0000000710800000| Untracked 
|  85|0x0000000710900000, 0x0000000710900000, 0x0000000710a00000|  0%| F|  |TAMS 0x0000000710900000, 0x0000000710900000| Untracked 
|  86|0x0000000710a00000, 0x0000000710a00000, 0x0000000710b00000|  0%| F|  |TAMS 0x0000000710a00000, 0x0000000710a00000| Untracked 
|  87|0x0000000710b00000, 0x0000000710b00000, 0x0000000710c00000|  0%| F|  |TAMS 0x0000000710b00000, 0x0000000710b00000| Untracked 
|  88|0x0000000710c00000, 0x0000000710c00000, 0x0000000710d00000|  0%| F|  |TAMS 0x0000000710c00000, 0x0000000710c00000| Untracked 
|  89|0x0000000710d00000, 0x0000000710d00000, 0x0000000710e00000|  0%| F|  |TAMS 0x0000000710d00000, 0x0000000710d00000| Untracked 
|  90|0x0000000710e00000, 0x0000000710e00000, 0x0000000710f00000|  0%| F|  |TAMS 0x0000000710e00000, 0x0000000710e00000| Untracked 
|  91|0x0000000710f00000, 0x0000000710f00000, 0x0000000711000000|  0%| F|  |TAMS 0x0000000710f00000, 0x0000000710f00000| Untracked 
|  92|0x0000000711000000, 0x0000000711000000, 0x0000000711100000|  0%| F|  |TAMS 0x0000000711000000, 0x0000000711000000| Untracked 
|  93|0x0000000711100000, 0x0000000711100000, 0x0000000711200000|  0%| F|  |TAMS 0x0000000711100000, 0x0000000711100000| Untracked 
|  94|0x0000000711200000, 0x0000000711200000, 0x0000000711300000|  0%| F|  |TAMS 0x0000000711200000, 0x0000000711200000| Untracked 
|  95|0x0000000711300000, 0x0000000711300000, 0x0000000711400000|  0%| F|  |TAMS 0x0000000711300000, 0x0000000711300000| Untracked 
|  96|0x0000000711400000, 0x0000000711400000, 0x0000000711500000|  0%| F|  |TAMS 0x0000000711400000, 0x0000000711400000| Untracked 
|  97|0x0000000711500000, 0x0000000711500000, 0x0000000711600000|  0%| F|  |TAMS 0x0000000711500000, 0x0000000711500000| Untracked 
|  98|0x0000000711600000, 0x0000000711600000, 0x0000000711700000|  0%| F|  |TAMS 0x0000000711600000, 0x0000000711600000| Untracked 
|  99|0x0000000711700000, 0x0000000711700000, 0x0000000711800000|  0%| F|  |TAMS 0x0000000711700000, 0x0000000711700000| Untracked 
| 100|0x0000000711800000, 0x0000000711800000, 0x0000000711900000|  0%| F|  |TAMS 0x0000000711800000, 0x0000000711800000| Untracked 
| 101|0x0000000711900000, 0x0000000711900000, 0x0000000711a00000|  0%| F|  |TAMS 0x0000000711900000, 0x0000000711900000| Untracked 
| 102|0x0000000711a00000, 0x0000000711a00000, 0x0000000711b00000|  0%| F|  |TAMS 0x0000000711a00000, 0x0000000711a00000| Untracked 
| 103|0x0000000711b00000, 0x0000000711b00000, 0x0000000711c00000|  0%| F|  |TAMS 0x0000000711b00000, 0x0000000711b00000| Untracked 
| 104|0x0000000711c00000, 0x0000000711c00000, 0x0000000711d00000|  0%| F|  |TAMS 0x0000000711c00000, 0x0000000711c00000| Untracked 
| 105|0x0000000711d00000, 0x0000000711d00000, 0x0000000711e00000|  0%| F|  |TAMS 0x0000000711d00000, 0x0000000711d00000| Untracked 
| 106|0x0000000711e00000, 0x0000000711e00000, 0x0000000711f00000|  0%| F|  |TAMS 0x0000000711e00000, 0x0000000711e00000| Untracked 
| 107|0x0000000711f00000, 0x0000000711f00000, 0x0000000712000000|  0%| F|  |TAMS 0x0000000711f00000, 0x0000000711f00000| Untracked 
| 108|0x0000000712000000, 0x0000000712000000, 0x0000000712100000|  0%| F|  |TAMS 0x0000000712000000, 0x0000000712000000| Untracked 
| 109|0x0000000712100000, 0x0000000712100000, 0x0000000712200000|  0%| F|  |TAMS 0x0000000712100000, 0x0000000712100000| Untracked 
| 110|0x0000000712200000, 0x0000000712300000, 0x0000000712300000|100%| S|CS|TAMS 0x0000000712200000, 0x0000000712200000| Complete 
| 111|0x0000000712300000, 0x0000000712400000, 0x0000000712400000|100%| S|CS|TAMS 0x0000000712300000, 0x0000000712300000| Complete 
| 112|0x0000000712400000, 0x0000000712500000, 0x0000000712500000|100%| S|CS|TAMS 0x0000000712400000, 0x0000000712400000| Complete 
| 113|0x0000000712500000, 0x0000000712600000, 0x0000000712600000|100%| S|CS|TAMS 0x0000000712500000, 0x0000000712500000| Complete 
| 114|0x0000000712600000, 0x0000000712700000, 0x0000000712700000|100%| S|CS|TAMS 0x0000000712600000, 0x0000000712600000| Complete 
| 115|0x0000000712700000, 0x0000000712800000, 0x0000000712800000|100%| S|CS|TAMS 0x0000000712700000, 0x0000000712700000| Complete 
| 116|0x0000000712800000, 0x0000000712900000, 0x0000000712900000|100%| S|CS|TAMS 0x0000000712800000, 0x0000000712800000| Complete 
| 117|0x0000000712900000, 0x0000000712a00000, 0x0000000712a00000|100%| S|CS|TAMS 0x0000000712900000, 0x0000000712900000| Complete 
| 118|0x0000000712a00000, 0x0000000712b00000, 0x0000000712b00000|100%| S|CS|TAMS 0x0000000712a00000, 0x0000000712a00000| Complete 
| 119|0x0000000712b00000, 0x0000000712b00000, 0x0000000712c00000|  0%| F|  |TAMS 0x0000000712b00000, 0x0000000712b00000| Untracked 
| 120|0x0000000712c00000, 0x0000000712c00000, 0x0000000712d00000|  0%| F|  |TAMS 0x0000000712c00000, 0x0000000712c00000| Untracked 
| 121|0x0000000712d00000, 0x0000000712d00000, 0x0000000712e00000|  0%| F|  |TAMS 0x0000000712d00000, 0x0000000712d00000| Untracked 
| 122|0x0000000712e00000, 0x0000000712e00000, 0x0000000712f00000|  0%| F|  |TAMS 0x0000000712e00000, 0x0000000712e00000| Untracked 
| 123|0x0000000712f00000, 0x0000000712f00000, 0x0000000713000000|  0%| F|  |TAMS 0x0000000712f00000, 0x0000000712f00000| Untracked 
| 124|0x0000000713000000, 0x0000000713000000, 0x0000000713100000|  0%| F|  |TAMS 0x0000000713000000, 0x0000000713000000| Untracked 
| 125|0x0000000713100000, 0x0000000713100000, 0x0000000713200000|  0%| F|  |TAMS 0x0000000713100000, 0x0000000713100000| Untracked 
| 126|0x0000000713200000, 0x0000000713200000, 0x0000000713300000|  0%| F|  |TAMS 0x0000000713200000, 0x0000000713200000| Untracked 
| 127|0x0000000713300000, 0x0000000713300000, 0x0000000713400000|  0%| F|  |TAMS 0x0000000713300000, 0x0000000713300000| Untracked 
| 128|0x0000000713400000, 0x0000000713400000, 0x0000000713500000|  0%| F|  |TAMS 0x0000000713400000, 0x0000000713400000| Untracked 
| 129|0x0000000713500000, 0x0000000713500000, 0x0000000713600000|  0%| F|  |TAMS 0x0000000713500000, 0x0000000713500000| Untracked 
| 130|0x0000000713600000, 0x0000000713600000, 0x0000000713700000|  0%| F|  |TAMS 0x0000000713600000, 0x0000000713600000| Untracked 
| 131|0x0000000713700000, 0x0000000713700000, 0x0000000713800000|  0%| F|  |TAMS 0x0000000713700000, 0x0000000713700000| Untracked 
| 132|0x0000000713800000, 0x0000000713800000, 0x0000000713900000|  0%| F|  |TAMS 0x0000000713800000, 0x0000000713800000| Untracked 
| 133|0x0000000713900000, 0x0000000713900000, 0x0000000713a00000|  0%| F|  |TAMS 0x0000000713900000, 0x0000000713900000| Untracked 
| 134|0x0000000713a00000, 0x0000000713a00000, 0x0000000713b00000|  0%| F|  |TAMS 0x0000000713a00000, 0x0000000713a00000| Untracked 
| 135|0x0000000713b00000, 0x0000000713b00000, 0x0000000713c00000|  0%| F|  |TAMS 0x0000000713b00000, 0x0000000713b00000| Untracked 
| 136|0x0000000713c00000, 0x0000000713c00000, 0x0000000713d00000|  0%| F|  |TAMS 0x0000000713c00000, 0x0000000713c00000| Untracked 
| 137|0x0000000713d00000, 0x0000000713d00000, 0x0000000713e00000|  0%| F|  |TAMS 0x0000000713d00000, 0x0000000713d00000| Untracked 
| 138|0x0000000713e00000, 0x0000000713e00000, 0x0000000713f00000|  0%| F|  |TAMS 0x0000000713e00000, 0x0000000713e00000| Untracked 
| 139|0x0000000713f00000, 0x0000000713f00000, 0x0000000714000000|  0%| F|  |TAMS 0x0000000713f00000, 0x0000000713f00000| Untracked 
| 140|0x0000000714000000, 0x0000000714000000, 0x0000000714100000|  0%| F|  |TAMS 0x0000000714000000, 0x0000000714000000| Untracked 
| 141|0x0000000714100000, 0x0000000714100000, 0x0000000714200000|  0%| F|  |TAMS 0x0000000714100000, 0x0000000714100000| Untracked 
| 142|0x0000000714200000, 0x0000000714200000, 0x0000000714300000|  0%| F|  |TAMS 0x0000000714200000, 0x0000000714200000| Untracked 
| 143|0x0000000714300000, 0x0000000714300000, 0x0000000714400000|  0%| F|  |TAMS 0x0000000714300000, 0x0000000714300000| Untracked 
| 144|0x0000000714400000, 0x0000000714400000, 0x0000000714500000|  0%| F|  |TAMS 0x0000000714400000, 0x0000000714400000| Untracked 
| 145|0x0000000714500000, 0x0000000714500000, 0x0000000714600000|  0%| F|  |TAMS 0x0000000714500000, 0x0000000714500000| Untracked 
| 146|0x0000000714600000, 0x0000000714600000, 0x0000000714700000|  0%| F|  |TAMS 0x0000000714600000, 0x0000000714600000| Untracked 
| 147|0x0000000714700000, 0x0000000714700000, 0x0000000714800000|  0%| F|  |TAMS 0x0000000714700000, 0x0000000714700000| Untracked 
| 148|0x0000000714800000, 0x0000000714800000, 0x0000000714900000|  0%| F|  |TAMS 0x0000000714800000, 0x0000000714800000| Untracked 
| 149|0x0000000714900000, 0x0000000714900000, 0x0000000714a00000|  0%| F|  |TAMS 0x0000000714900000, 0x0000000714900000| Untracked 
| 150|0x0000000714a00000, 0x0000000714a00000, 0x0000000714b00000|  0%| F|  |TAMS 0x0000000714a00000, 0x0000000714a00000| Untracked 
| 151|0x0000000714b00000, 0x0000000714b00000, 0x0000000714c00000|  0%| F|  |TAMS 0x0000000714b00000, 0x0000000714b00000| Untracked 
| 152|0x0000000714c00000, 0x0000000714c00000, 0x0000000714d00000|  0%| F|  |TAMS 0x0000000714c00000, 0x0000000714c00000| Untracked 
| 153|0x0000000714d00000, 0x0000000714d00000, 0x0000000714e00000|  0%| F|  |TAMS 0x0000000714d00000, 0x0000000714d00000| Untracked 
| 154|0x0000000714e00000, 0x0000000714e00000, 0x0000000714f00000|  0%| F|  |TAMS 0x0000000714e00000, 0x0000000714e00000| Untracked 
| 155|0x0000000714f00000, 0x0000000714f00000, 0x0000000715000000|  0%| F|  |TAMS 0x0000000714f00000, 0x0000000714f00000| Untracked 
| 156|0x0000000715000000, 0x0000000715000000, 0x0000000715100000|  0%| F|  |TAMS 0x0000000715000000, 0x0000000715000000| Untracked 
| 157|0x0000000715100000, 0x0000000715100000, 0x0000000715200000|  0%| F|  |TAMS 0x0000000715100000, 0x0000000715100000| Untracked 
| 158|0x0000000715200000, 0x0000000715200000, 0x0000000715300000|  0%| F|  |TAMS 0x0000000715200000, 0x0000000715200000| Untracked 
| 159|0x0000000715300000, 0x0000000715300000, 0x0000000715400000|  0%| F|  |TAMS 0x0000000715300000, 0x0000000715300000| Untracked 
| 160|0x0000000715400000, 0x0000000715400000, 0x0000000715500000|  0%| F|  |TAMS 0x0000000715400000, 0x0000000715400000| Untracked 
| 161|0x0000000715500000, 0x0000000715500000, 0x0000000715600000|  0%| F|  |TAMS 0x0000000715500000, 0x0000000715500000| Untracked 
| 162|0x0000000715600000, 0x0000000715600000, 0x0000000715700000|  0%| F|  |TAMS 0x0000000715600000, 0x0000000715600000| Untracked 
| 163|0x0000000715700000, 0x0000000715700000, 0x0000000715800000|  0%| F|  |TAMS 0x0000000715700000, 0x0000000715700000| Untracked 
| 164|0x0000000715800000, 0x0000000715800000, 0x0000000715900000|  0%| F|  |TAMS 0x0000000715800000, 0x0000000715800000| Untracked 
| 165|0x0000000715900000, 0x0000000715900000, 0x0000000715a00000|  0%| F|  |TAMS 0x0000000715900000, 0x0000000715900000| Untracked 
| 166|0x0000000715a00000, 0x0000000715a00000, 0x0000000715b00000|  0%| F|  |TAMS 0x0000000715a00000, 0x0000000715a00000| Untracked 
| 167|0x0000000715b00000, 0x0000000715b00000, 0x0000000715c00000|  0%| F|  |TAMS 0x0000000715b00000, 0x0000000715b00000| Untracked 
| 168|0x0000000715c00000, 0x0000000715c00000, 0x0000000715d00000|  0%| F|  |TAMS 0x0000000715c00000, 0x0000000715c00000| Untracked 
| 169|0x0000000715d00000, 0x0000000715d00000, 0x0000000715e00000|  0%| F|  |TAMS 0x0000000715d00000, 0x0000000715d00000| Untracked 
| 170|0x0000000715e00000, 0x0000000715e00000, 0x0000000715f00000|  0%| F|  |TAMS 0x0000000715e00000, 0x0000000715e00000| Untracked 
| 171|0x0000000715f00000, 0x0000000715f00000, 0x0000000716000000|  0%| F|  |TAMS 0x0000000715f00000, 0x0000000715f00000| Untracked 
| 172|0x0000000716000000, 0x0000000716000000, 0x0000000716100000|  0%| F|  |TAMS 0x0000000716000000, 0x0000000716000000| Untracked 
| 173|0x0000000716100000, 0x0000000716100000, 0x0000000716200000|  0%| F|  |TAMS 0x0000000716100000, 0x0000000716100000| Untracked 
| 174|0x0000000716200000, 0x0000000716200000, 0x0000000716300000|  0%| F|  |TAMS 0x0000000716200000, 0x0000000716200000| Untracked 
| 175|0x0000000716300000, 0x0000000716300000, 0x0000000716400000|  0%| F|  |TAMS 0x0000000716300000, 0x0000000716300000| Untracked 
| 176|0x0000000716400000, 0x0000000716400000, 0x0000000716500000|  0%| F|  |TAMS 0x0000000716400000, 0x0000000716400000| Untracked 
| 177|0x0000000716500000, 0x0000000716500000, 0x0000000716600000|  0%| F|  |TAMS 0x0000000716500000, 0x0000000716500000| Untracked 
| 178|0x0000000716600000, 0x0000000716600000, 0x0000000716700000|  0%| F|  |TAMS 0x0000000716600000, 0x0000000716600000| Untracked 
| 179|0x0000000716700000, 0x0000000716700000, 0x0000000716800000|  0%| F|  |TAMS 0x0000000716700000, 0x0000000716700000| Untracked 
| 180|0x0000000716800000, 0x0000000716800000, 0x0000000716900000|  0%| F|  |TAMS 0x0000000716800000, 0x0000000716800000| Untracked 
| 181|0x0000000716900000, 0x0000000716900000, 0x0000000716a00000|  0%| F|  |TAMS 0x0000000716900000, 0x0000000716900000| Untracked 
| 182|0x0000000716a00000, 0x0000000716a00000, 0x0000000716b00000|  0%| F|  |TAMS 0x0000000716a00000, 0x0000000716a00000| Untracked 
| 183|0x0000000716b00000, 0x0000000716b00000, 0x0000000716c00000|  0%| F|  |TAMS 0x0000000716b00000, 0x0000000716b00000| Untracked 
| 184|0x0000000716c00000, 0x0000000716c00000, 0x0000000716d00000|  0%| F|  |TAMS 0x0000000716c00000, 0x0000000716c00000| Untracked 
| 185|0x0000000716d00000, 0x0000000716d00000, 0x0000000716e00000|  0%| F|  |TAMS 0x0000000716d00000, 0x0000000716d00000| Untracked 
| 186|0x0000000716e00000, 0x0000000716e00000, 0x0000000716f00000|  0%| F|  |TAMS 0x0000000716e00000, 0x0000000716e00000| Untracked 
| 187|0x0000000716f00000, 0x0000000716f00000, 0x0000000717000000|  0%| F|  |TAMS 0x0000000716f00000, 0x0000000716f00000| Untracked 
| 188|0x0000000717000000, 0x0000000717000000, 0x0000000717100000|  0%| F|  |TAMS 0x0000000717000000, 0x0000000717000000| Untracked 
| 189|0x0000000717100000, 0x0000000717100000, 0x0000000717200000|  0%| F|  |TAMS 0x0000000717100000, 0x0000000717100000| Untracked 
| 190|0x0000000717200000, 0x0000000717200000, 0x0000000717300000|  0%| F|  |TAMS 0x0000000717200000, 0x0000000717200000| Untracked 
| 191|0x0000000717300000, 0x0000000717300000, 0x0000000717400000|  0%| F|  |TAMS 0x0000000717300000, 0x0000000717300000| Untracked 
| 192|0x0000000717400000, 0x0000000717400000, 0x0000000717500000|  0%| F|  |TAMS 0x0000000717400000, 0x0000000717400000| Untracked 
| 193|0x0000000717500000, 0x0000000717500000, 0x0000000717600000|  0%| F|  |TAMS 0x0000000717500000, 0x0000000717500000| Untracked 
| 194|0x0000000717600000, 0x0000000717600000, 0x0000000717700000|  0%| F|  |TAMS 0x0000000717600000, 0x0000000717600000| Untracked 
| 195|0x0000000717700000, 0x0000000717700000, 0x0000000717800000|  0%| F|  |TAMS 0x0000000717700000, 0x0000000717700000| Untracked 
| 196|0x0000000717800000, 0x0000000717800000, 0x0000000717900000|  0%| F|  |TAMS 0x0000000717800000, 0x0000000717800000| Untracked 
| 197|0x0000000717900000, 0x0000000717900000, 0x0000000717a00000|  0%| F|  |TAMS 0x0000000717900000, 0x0000000717900000| Untracked 
| 198|0x0000000717a00000, 0x0000000717a00000, 0x0000000717b00000|  0%| F|  |TAMS 0x0000000717a00000, 0x0000000717a00000| Untracked 
| 199|0x0000000717b00000, 0x0000000717b00000, 0x0000000717c00000|  0%| F|  |TAMS 0x0000000717b00000, 0x0000000717b00000| Untracked 
| 200|0x0000000717c00000, 0x0000000717c00000, 0x0000000717d00000|  0%| F|  |TAMS 0x0000000717c00000, 0x0000000717c00000| Untracked 
| 201|0x0000000717d00000, 0x0000000717d00000, 0x0000000717e00000|  0%| F|  |TAMS 0x0000000717d00000, 0x0000000717d00000| Untracked 
| 202|0x0000000717e00000, 0x0000000717e00000, 0x0000000717f00000|  0%| F|  |TAMS 0x0000000717e00000, 0x0000000717e00000| Untracked 
| 203|0x0000000717f00000, 0x0000000717f00000, 0x0000000718000000|  0%| F|  |TAMS 0x0000000717f00000, 0x0000000717f00000| Untracked 
| 204|0x0000000718000000, 0x0000000718000000, 0x0000000718100000|  0%| F|  |TAMS 0x0000000718000000, 0x0000000718000000| Untracked 
| 205|0x0000000718100000, 0x0000000718100000, 0x0000000718200000|  0%| F|  |TAMS 0x0000000718100000, 0x0000000718100000| Untracked 
| 206|0x0000000718200000, 0x0000000718200000, 0x0000000718300000|  0%| F|  |TAMS 0x0000000718200000, 0x0000000718200000| Untracked 
| 207|0x0000000718300000, 0x0000000718300000, 0x0000000718400000|  0%| F|  |TAMS 0x0000000718300000, 0x0000000718300000| Untracked 
| 208|0x0000000718400000, 0x0000000718400000, 0x0000000718500000|  0%| F|  |TAMS 0x0000000718400000, 0x0000000718400000| Untracked 
| 209|0x0000000718500000, 0x0000000718500000, 0x0000000718600000|  0%| F|  |TAMS 0x0000000718500000, 0x0000000718500000| Untracked 
| 210|0x0000000718600000, 0x0000000718600000, 0x0000000718700000|  0%| F|  |TAMS 0x0000000718600000, 0x0000000718600000| Untracked 
| 211|0x0000000718700000, 0x0000000718700000, 0x0000000718800000|  0%| F|  |TAMS 0x0000000718700000, 0x0000000718700000| Untracked 
| 212|0x0000000718800000, 0x0000000718800000, 0x0000000718900000|  0%| F|  |TAMS 0x0000000718800000, 0x0000000718800000| Untracked 
| 213|0x0000000718900000, 0x0000000718900000, 0x0000000718a00000|  0%| F|  |TAMS 0x0000000718900000, 0x0000000718900000| Untracked 
| 214|0x0000000718a00000, 0x0000000718a00000, 0x0000000718b00000|  0%| F|  |TAMS 0x0000000718a00000, 0x0000000718a00000| Untracked 
| 215|0x0000000718b00000, 0x0000000718b00000, 0x0000000718c00000|  0%| F|  |TAMS 0x0000000718b00000, 0x0000000718b00000| Untracked 
| 216|0x0000000718c00000, 0x0000000718c00000, 0x0000000718d00000|  0%| F|  |TAMS 0x0000000718c00000, 0x0000000718c00000| Untracked 
| 217|0x0000000718d00000, 0x0000000718d00000, 0x0000000718e00000|  0%| F|  |TAMS 0x0000000718d00000, 0x0000000718d00000| Untracked 
| 218|0x0000000718e00000, 0x0000000718e00000, 0x0000000718f00000|  0%| F|  |TAMS 0x0000000718e00000, 0x0000000718e00000| Untracked 
| 219|0x0000000718f00000, 0x0000000718f00000, 0x0000000719000000|  0%| F|  |TAMS 0x0000000718f00000, 0x0000000718f00000| Untracked 
| 220|0x0000000719000000, 0x0000000719000000, 0x0000000719100000|  0%| F|  |TAMS 0x0000000719000000, 0x0000000719000000| Untracked 
| 221|0x0000000719100000, 0x0000000719100000, 0x0000000719200000|  0%| F|  |TAMS 0x0000000719100000, 0x0000000719100000| Untracked 
| 222|0x0000000719200000, 0x0000000719200000, 0x0000000719300000|  0%| F|  |TAMS 0x0000000719200000, 0x0000000719200000| Untracked 
| 223|0x0000000719300000, 0x0000000719300000, 0x0000000719400000|  0%| F|  |TAMS 0x0000000719300000, 0x0000000719300000| Untracked 
| 224|0x0000000719400000, 0x0000000719400000, 0x0000000719500000|  0%| F|  |TAMS 0x0000000719400000, 0x0000000719400000| Untracked 
| 225|0x0000000719500000, 0x0000000719500000, 0x0000000719600000|  0%| F|  |TAMS 0x0000000719500000, 0x0000000719500000| Untracked 
| 226|0x0000000719600000, 0x0000000719600000, 0x0000000719700000|  0%| F|  |TAMS 0x0000000719600000, 0x0000000719600000| Untracked 
| 227|0x0000000719700000, 0x0000000719700000, 0x0000000719800000|  0%| F|  |TAMS 0x0000000719700000, 0x0000000719700000| Untracked 
| 228|0x0000000719800000, 0x0000000719800000, 0x0000000719900000|  0%| F|  |TAMS 0x0000000719800000, 0x0000000719800000| Untracked 
| 229|0x0000000719900000, 0x0000000719900000, 0x0000000719a00000|  0%| F|  |TAMS 0x0000000719900000, 0x0000000719900000| Untracked 
| 230|0x0000000719a00000, 0x0000000719a00000, 0x0000000719b00000|  0%| F|  |TAMS 0x0000000719a00000, 0x0000000719a00000| Untracked 
| 231|0x0000000719b00000, 0x0000000719b00000, 0x0000000719c00000|  0%| F|  |TAMS 0x0000000719b00000, 0x0000000719b00000| Untracked 
| 232|0x0000000719c00000, 0x0000000719c00000, 0x0000000719d00000|  0%| F|  |TAMS 0x0000000719c00000, 0x0000000719c00000| Untracked 
| 233|0x0000000719d00000, 0x0000000719d00000, 0x0000000719e00000|  0%| F|  |TAMS 0x0000000719d00000, 0x0000000719d00000| Untracked 
| 234|0x0000000719e00000, 0x0000000719e00000, 0x0000000719f00000|  0%| F|  |TAMS 0x0000000719e00000, 0x0000000719e00000| Untracked 
| 235|0x0000000719f00000, 0x0000000719f00000, 0x000000071a000000|  0%| F|  |TAMS 0x0000000719f00000, 0x0000000719f00000| Untracked 
| 236|0x000000071a000000, 0x000000071a000000, 0x000000071a100000|  0%| F|  |TAMS 0x000000071a000000, 0x000000071a000000| Untracked 
| 237|0x000000071a100000, 0x000000071a100000, 0x000000071a200000|  0%| F|  |TAMS 0x000000071a100000, 0x000000071a100000| Untracked 
| 238|0x000000071a200000, 0x000000071a200000, 0x000000071a300000|  0%| F|  |TAMS 0x000000071a200000, 0x000000071a200000| Untracked 
| 239|0x000000071a300000, 0x000000071a300000, 0x000000071a400000|  0%| F|  |TAMS 0x000000071a300000, 0x000000071a300000| Untracked 
| 240|0x000000071a400000, 0x000000071a400000, 0x000000071a500000|  0%| F|  |TAMS 0x000000071a400000, 0x000000071a400000| Untracked 
| 241|0x000000071a500000, 0x000000071a500000, 0x000000071a600000|  0%| F|  |TAMS 0x000000071a500000, 0x000000071a500000| Untracked 
| 242|0x000000071a600000, 0x000000071a600000, 0x000000071a700000|  0%| F|  |TAMS 0x000000071a600000, 0x000000071a600000| Untracked 
| 243|0x000000071a700000, 0x000000071a700000, 0x000000071a800000|  0%| F|  |TAMS 0x000000071a700000, 0x000000071a700000| Untracked 
| 244|0x000000071a800000, 0x000000071a800000, 0x000000071a900000|  0%| F|  |TAMS 0x000000071a800000, 0x000000071a800000| Untracked 
| 245|0x000000071a900000, 0x000000071a900000, 0x000000071aa00000|  0%| F|  |TAMS 0x000000071a900000, 0x000000071a900000| Untracked 
| 246|0x000000071aa00000, 0x000000071aa00000, 0x000000071ab00000|  0%| F|  |TAMS 0x000000071aa00000, 0x000000071aa00000| Untracked 
| 247|0x000000071ab00000, 0x000000071ab00000, 0x000000071ac00000|  0%| F|  |TAMS 0x000000071ab00000, 0x000000071ab00000| Untracked 
| 248|0x000000071ac00000, 0x000000071ac00000, 0x000000071ad00000|  0%| F|  |TAMS 0x000000071ac00000, 0x000000071ac00000| Untracked 
| 249|0x000000071ad00000, 0x000000071ad00000, 0x000000071ae00000|  0%| F|  |TAMS 0x000000071ad00000, 0x000000071ad00000| Untracked 
| 250|0x000000071ae00000, 0x000000071ae00000, 0x000000071af00000|  0%| F|  |TAMS 0x000000071ae00000, 0x000000071ae00000| Untracked 
| 251|0x000000071af00000, 0x000000071af00000, 0x000000071b000000|  0%| F|  |TAMS 0x000000071af00000, 0x000000071af00000| Untracked 
| 252|0x000000071b000000, 0x000000071b000000, 0x000000071b100000|  0%| F|  |TAMS 0x000000071b000000, 0x000000071b000000| Untracked 
| 253|0x000000071b100000, 0x000000071b100000, 0x000000071b200000|  0%| F|  |TAMS 0x000000071b100000, 0x000000071b100000| Untracked 
| 254|0x000000071b200000, 0x000000071b200000, 0x000000071b300000|  0%| F|  |TAMS 0x000000071b200000, 0x000000071b200000| Untracked 
| 255|0x000000071b300000, 0x000000071b300000, 0x000000071b400000|  0%| F|  |TAMS 0x000000071b300000, 0x000000071b300000| Untracked 
| 256|0x000000071b400000, 0x000000071b400000, 0x000000071b500000|  0%| F|  |TAMS 0x000000071b400000, 0x000000071b400000| Untracked 
| 257|0x000000071b500000, 0x000000071b500000, 0x000000071b600000|  0%| F|  |TAMS 0x000000071b500000, 0x000000071b500000| Untracked 
| 258|0x000000071b600000, 0x000000071b600000, 0x000000071b700000|  0%| F|  |TAMS 0x000000071b600000, 0x000000071b600000| Untracked 
| 259|0x000000071b700000, 0x000000071b700000, 0x000000071b800000|  0%| F|  |TAMS 0x000000071b700000, 0x000000071b700000| Untracked 
| 260|0x000000071b800000, 0x000000071b800000, 0x000000071b900000|  0%| F|  |TAMS 0x000000071b800000, 0x000000071b800000| Untracked 
| 261|0x000000071b900000, 0x000000071b900000, 0x000000071ba00000|  0%| F|  |TAMS 0x000000071b900000, 0x000000071b900000| Untracked 
| 262|0x000000071ba00000, 0x000000071ba00000, 0x000000071bb00000|  0%| F|  |TAMS 0x000000071ba00000, 0x000000071ba00000| Untracked 
| 263|0x000000071bb00000, 0x000000071bb00000, 0x000000071bc00000|  0%| F|  |TAMS 0x000000071bb00000, 0x000000071bb00000| Untracked 
| 264|0x000000071bc00000, 0x000000071bc00000, 0x000000071bd00000|  0%| F|  |TAMS 0x000000071bc00000, 0x000000071bc00000| Untracked 
| 265|0x000000071bd00000, 0x000000071bd00000, 0x000000071be00000|  0%| F|  |TAMS 0x000000071bd00000, 0x000000071bd00000| Untracked 
| 266|0x000000071be00000, 0x000000071be00000, 0x000000071bf00000|  0%| F|  |TAMS 0x000000071be00000, 0x000000071be00000| Untracked 
| 267|0x000000071bf00000, 0x000000071bf00000, 0x000000071c000000|  0%| F|  |TAMS 0x000000071bf00000, 0x000000071bf00000| Untracked 
| 268|0x000000071c000000, 0x000000071c000000, 0x000000071c100000|  0%| F|  |TAMS 0x000000071c000000, 0x000000071c000000| Untracked 
| 269|0x000000071c100000, 0x000000071c100000, 0x000000071c200000|  0%| F|  |TAMS 0x000000071c100000, 0x000000071c100000| Untracked 
| 270|0x000000071c200000, 0x000000071c200000, 0x000000071c300000|  0%| F|  |TAMS 0x000000071c200000, 0x000000071c200000| Untracked 
| 271|0x000000071c300000, 0x000000071c300000, 0x000000071c400000|  0%| F|  |TAMS 0x000000071c300000, 0x000000071c300000| Untracked 
| 272|0x000000071c400000, 0x000000071c400000, 0x000000071c500000|  0%| F|  |TAMS 0x000000071c400000, 0x000000071c400000| Untracked 
| 273|0x000000071c500000, 0x000000071c500000, 0x000000071c600000|  0%| F|  |TAMS 0x000000071c500000, 0x000000071c500000| Untracked 
| 274|0x000000071c600000, 0x000000071c600000, 0x000000071c700000|  0%| F|  |TAMS 0x000000071c600000, 0x000000071c600000| Untracked 
| 275|0x000000071c700000, 0x000000071c700000, 0x000000071c800000|  0%| F|  |TAMS 0x000000071c700000, 0x000000071c700000| Untracked 
| 276|0x000000071c800000, 0x000000071c800000, 0x000000071c900000|  0%| F|  |TAMS 0x000000071c800000, 0x000000071c800000| Untracked 
| 277|0x000000071c900000, 0x000000071c900000, 0x000000071ca00000|  0%| F|  |TAMS 0x000000071c900000, 0x000000071c900000| Untracked 
| 278|0x000000071ca00000, 0x000000071ca00000, 0x000000071cb00000|  0%| F|  |TAMS 0x000000071ca00000, 0x000000071ca00000| Untracked 
| 279|0x000000071cb00000, 0x000000071cb00000, 0x000000071cc00000|  0%| F|  |TAMS 0x000000071cb00000, 0x000000071cb00000| Untracked 
| 280|0x000000071cc00000, 0x000000071cc00000, 0x000000071cd00000|  0%| F|  |TAMS 0x000000071cc00000, 0x000000071cc00000| Untracked 
| 281|0x000000071cd00000, 0x000000071cd00000, 0x000000071ce00000|  0%| F|  |TAMS 0x000000071cd00000, 0x000000071cd00000| Untracked 
| 282|0x000000071ce00000, 0x000000071ce00000, 0x000000071cf00000|  0%| F|  |TAMS 0x000000071ce00000, 0x000000071ce00000| Untracked 
| 283|0x000000071cf00000, 0x000000071cf00000, 0x000000071d000000|  0%| F|  |TAMS 0x000000071cf00000, 0x000000071cf00000| Untracked 
| 284|0x000000071d000000, 0x000000071d080670, 0x000000071d100000| 50%| E|  |TAMS 0x000000071d000000, 0x000000071d000000| Complete 
| 285|0x000000071d100000, 0x000000071d200000, 0x000000071d200000|100%| E|CS|TAMS 0x000000071d100000, 0x000000071d100000| Complete 
| 286|0x000000071d200000, 0x000000071d300000, 0x000000071d300000|100%| E|CS|TAMS 0x000000071d200000, 0x000000071d200000| Complete 
| 287|0x000000071d300000, 0x000000071d400000, 0x000000071d400000|100%| E|CS|TAMS 0x000000071d300000, 0x000000071d300000| Complete 
| 288|0x000000071d400000, 0x000000071d500000, 0x000000071d500000|100%| E|CS|TAMS 0x000000071d400000, 0x000000071d400000| Complete 
| 289|0x000000071d500000, 0x000000071d600000, 0x000000071d600000|100%| E|CS|TAMS 0x000000071d500000, 0x000000071d500000| Complete 
| 290|0x000000071d600000, 0x000000071d700000, 0x000000071d700000|100%| E|CS|TAMS 0x000000071d600000, 0x000000071d600000| Complete 
| 291|0x000000071d700000, 0x000000071d800000, 0x000000071d800000|100%| E|CS|TAMS 0x000000071d700000, 0x000000071d700000| Complete 
| 292|0x000000071d800000, 0x000000071d900000, 0x000000071d900000|100%| E|CS|TAMS 0x000000071d800000, 0x000000071d800000| Complete 
| 293|0x000000071d900000, 0x000000071da00000, 0x000000071da00000|100%| E|CS|TAMS 0x000000071d900000, 0x000000071d900000| Complete 
| 294|0x000000071da00000, 0x000000071db00000, 0x000000071db00000|100%| E|CS|TAMS 0x000000071da00000, 0x000000071da00000| Complete 
| 295|0x000000071db00000, 0x000000071dc00000, 0x000000071dc00000|100%| E|CS|TAMS 0x000000071db00000, 0x000000071db00000| Complete 

Card table byte_map: [0x00007f87f0cd5000,0x00007f87f147b000] _byte_map_base: 0x00007f87ed47b000

Marking Bits (Prev, Next): (CMBitMap*) 0x00007f87ec08cf30, (CMBitMap*) 0x00007f87ec08cef8
 Prev Bits: [0x00007f87c85a0000, 0x00007f87cc2d0000)
 Next Bits: [0x00007f87cc2d0000, 0x00007f87d0000000)

Polling page: 0x00007f87f6682000

Metaspace:

Usage:
  Non-class:     30,23 MB capacity,    29,70 MB ( 98%) used,   436,88 KB (  1%) free+waste,   106,44 KB ( <1%) overhead. 
      Class:      4,61 MB capacity,     4,26 MB ( 92%) used,   306,98 KB (  6%) free+waste,    51,69 KB (  1%) overhead. 
       Both:     34,84 MB capacity,    33,96 MB ( 97%) used,   743,85 KB (  2%) free+waste,   158,12 KB ( <1%) overhead. 

Virtual space:
  Non-class space:       32,00 MB reserved,      30,42 MB ( 95%) committed 
      Class space:        1,00 GB reserved,       4,62 MB ( <1%) committed 
             Both:        1,03 GB reserved,      35,05 MB (  3%) committed 

Chunk freelists:
   Non-Class:  18,00 KB
       Class:  1,38 KB
        Both:  19,38 KB

CodeHeap 'non-profiled nmethods': size=238384Kb used=6938Kb max_used=6938Kb free=231445Kb
 bounds [0x00007f87d5376000, 0x00007f87d5a46000, 0x00007f87e3c42000]
CodeHeap 'non-nmethods': size=7376Kb used=2915Kb max_used=2915Kb free=4460Kb
 bounds [0x00007f87d4c42000, 0x00007f87d4f22000, 0x00007f87d5376000]
 total_blobs=4504 nmethods=3978 adapters=425
 compilation: enabled
              stopped_count=0, restarted_count=0
 full_count=0

Compilation events (10 events):
Event: 2,083 Thread 0x00007f879010f000 nmethod 3992 0x00007f87d5a37390 code [0x00007f87d5a37560, 0x00007f87d5a37738]
Event: 2,083 Thread 0x00007f879010f000 3993       1       org.springframework.beans.factory.config.BeanDefinitionVisitor::visitFactoryBeanName (33 bytes)
Event: 2,083 Thread 0x00007f87ec290800 nmethod 3991 0x00007f87d5a37890 code [0x00007f87d5a37a60, 0x00007f87d5a37c38]
Event: 2,083 Thread 0x00007f87ec290800 3994       1       org.springframework.beans.factory.config.BeanDefinitionVisitor::visitFactoryMethodName (33 bytes)
Event: 2,083 Thread 0x00007f879010f000 nmethod 3993 0x00007f87d5a37d90 code [0x00007f87d5a37f60, 0x00007f87d5a38138]
Event: 2,083 Thread 0x00007f879010f000 3995       1       org.springframework.beans.factory.config.BeanDefinitionVisitor::visitScope (33 bytes)
Event: 2,083 Thread 0x00007f879010f000 nmethod 3995 0x00007f87d5a38290 code [0x00007f87d5a38460, 0x00007f87d5a38638]
Event: 2,083 Thread 0x00007f87ec290800 nmethod 3994 0x00007f87d5a38790 code [0x00007f87d5a38960, 0x00007f87d5a38b38]
Event: 2,083 Thread 0x00007f8790111000 nmethod 3990 0x00007f87d5a38c90 code [0x00007f87d5a39000, 0x00007f87d5a39bd8]
Event: 2,083 Thread 0x00007f87a40a7000 nmethod 3981 0x00007f87d5a3a290 code [0x00007f87d5a3a700, 0x00007f87d5a3bb18]

GC Heap History (10 events):
Event: 0,636 GC heap before
{Heap before GC invocations=0 (full 0):
 garbage-first heap   total 251904K, used 24576K [0x000000070b400000, 0x0000000800000000)
  region size 1024K, 24 young (24576K), 0 survivors (0K)
 Metaspace       used 13027K, capacity 13392K, committed 13568K, reserved 1060864K
  class space    used 1337K, capacity 1465K, committed 1536K, reserved 1048576K
}
Event: 0,644 GC heap after
{Heap after GC invocations=1 (full 0):
 garbage-first heap   total 251904K, used 9176K [0x000000070b400000, 0x0000000800000000)
  region size 1024K, 3 young (3072K), 3 survivors (3072K)
 Metaspace       used 13027K, capacity 13392K, committed 13568K, reserved 1060864K
  class space    used 1337K, capacity 1465K, committed 1536K, reserved 1048576K
}
Event: 1,008 GC heap before
{Heap before GC invocations=1 (full 0):
 garbage-first heap   total 251904K, used 69592K [0x000000070b400000, 0x0000000800000000)
  region size 1024K, 63 young (64512K), 3 survivors (3072K)
 Metaspace       used 20642K, capacity 21172K, committed 21296K, reserved 1069056K
  class space    used 2451K, capacity 2658K, committed 2688K, reserved 1048576K
}
Event: 1,014 GC heap after
{Heap after GC invocations=2 (full 0):
 garbage-first heap   total 251904K, used 11429K [0x000000070b400000, 0x0000000800000000)
  region size 1024K, 6 young (6144K), 6 survivors (6144K)
 Metaspace       used 20642K, capacity 21172K, committed 21296K, reserved 1069056K
  class space    used 2451K, capacity 2658K, committed 2688K, reserved 1048576K
}
Event: 1,235 GC heap before
{Heap before GC invocations=3 (full 0):
 garbage-first heap   total 251904K, used 54437K [0x000000070b400000, 0x0000000800000000)
  region size 1024K, 49 young (50176K), 6 survivors (6144K)
 Metaspace       used 27037K, capacity 27763K, committed 27824K, reserved 1073152K
  class space    used 3258K, capacity 3559K, committed 3584K, reserved 1048576K
}
Event: 1,240 GC heap after
{Heap after GC invocations=4 (full 0):
 garbage-first heap   total 251904K, used 12803K [0x000000070b400000, 0x0000000800000000)
  region size 1024K, 4 young (4096K), 4 survivors (4096K)
 Metaspace       used 27037K, capacity 27763K, committed 27824K, reserved 1073152K
  class space    used 3258K, capacity 3559K, committed 3584K, reserved 1048576K
}
Event: 1,395 GC heap before
{Heap before GC invocations=4 (full 0):
 garbage-first heap   total 251904K, used 92675K [0x000000070b400000, 0x0000000800000000)
  region size 1024K, 83 young (84992K), 4 survivors (4096K)
 Metaspace       used 28444K, capacity 29328K, committed 29616K, reserved 1075200K
  class space    used 3452K, capacity 3795K, committed 3840K, reserved 1048576K
}
Event: 1,398 GC heap after
{Heap after GC invocations=5 (full 0):
 garbage-first heap   total 251904K, used 14684K [0x000000070b400000, 0x0000000800000000)
  region size 1024K, 6 young (6144K), 6 survivors (6144K)
 Metaspace       used 28444K, capacity 29328K, committed 29616K, reserved 1075200K
  class space    used 3452K, capacity 3795K, committed 3840K, reserved 1048576K
}
Event: 2,007 GC heap before
{Heap before GC invocations=5 (full 0):
 garbage-first heap   total 251904K, used 137564K [0x000000070b400000, 0x0000000800000000)
  region size 1024K, 127 young (130048K), 6 survivors (6144K)
 Metaspace       used 34032K, capacity 34930K, committed 35376K, reserved 1079296K
  class space    used 4287K, capacity 4624K, committed 4736K, reserved 1048576K
}
Event: 2,013 GC heap after
{Heap after GC invocations=6 (full 0):
 garbage-first heap   total 303104K, used 18223K [0x000000070b400000, 0x0000000800000000)
  region size 1024K, 9 young (9216K), 9 survivors (9216K)
 Metaspace       used 34032K, capacity 34930K, committed 35376K, reserved 1079296K
  class space    used 4287K, capacity 4624K, committed 4736K, reserved 1048576K
}

Deoptimization events (0 events):
No events

Classes redefined (0 events):
No events

Internal exceptions (10 events):
Event: 1,203 Thread 0x00007f87ec018000 Exception <a 'java/lang/NoSuchMethodError'{0x00000007182d8cf8}: java.lang.invoke.DirectMethodHandle$Holder.invokeVirtual(Ljava/lang/Object;Ljava/lang/Object;Ljava/lang/Object;)I> (0x00000007182d8cf8) thrown at [/scratch/opt/mach5/mesos/work_dir/slaves/2dd
Event: 1,347 Thread 0x00007f877c002000 Exception <a 'java/lang/NoSuchMethodError'{0x0000000718f3e0c8}: java.lang.invoke.DirectMethodHandle$Holder.invokeStatic(Ljava/lang/Object;Ljava/lang/Object;Ljava/lang/Object;Ljava/lang/Object;Ljava/lang/Object;Ljava/lang/Object;Ljava/lang/Object;Ljava/lan
Event: 1,347 Thread 0x00007f877c002000 Exception <a 'java/lang/NoSuchMethodError'{0x0000000718f4bb50}: java.lang.invoke.DirectMethodHandle$Holder.invokeStatic(Ljava/lang/Object;Ljava/lang/Object;Ljava/lang/Object;Ljava/lang/Object;Ljava/lang/Object;Ljava/lang/Object;Ljava/lang/Object;Ljava/lan
Event: 1,372 Thread 0x00007f877c002000 Exception <a 'java/lang/NoSuchMethodError'{0x000000071882e8a0}: <clinit>> (0x000000071882e8a0) thrown at [/scratch/opt/mach5/mesos/work_dir/slaves/2dd962d0-8988-479b-a804-57ab764ada59-S1222/frameworks/1735e8a2-a1db-478c-8104-60c8b0af87dd-0196/executors/1f
Event: 1,380 Thread 0x00007f877c002000 Exception <a 'java/lang/ClassNotFoundException'{0x0000000718740940}: javax/management/remote/rmi/RMIConnectionImpl_Skel> (0x0000000718740940) thrown at [/scratch/opt/mach5/mesos/work_dir/slaves/2dd962d0-8988-479b-a804-57ab764ada59-S1222/frameworks/1735e8a
Event: 1,382 Thread 0x00007f874c035000 Exception <a 'java/lang/NoSuchMethodError'{0x0000000718613be0}: java.lang.invoke.Invokers$Holder.linkToTargetMethod(Ljava/lang/Object;JLjava/lang/Object;)Ljava/lang/Object;> (0x0000000718613be0) thrown at [/scratch/opt/mach5/mesos/work_dir/slaves/2dd962d0
Event: 1,387 Thread 0x00007f877c002000 Exception <a 'java/lang/reflect/InvocationTargetException'{0x00000007186799e8}> (0x00000007186799e8) thrown at [/scratch/opt/mach5/mesos/work_dir/slaves/2dd962d0-8988-479b-a804-57ab764ada59-S1222/frameworks/1735e8a2-a1db-478c-8104-60c8b0af87dd-0196/execut
Event: 1,390 Thread 0x00007f877c002000 Exception <a 'java/lang/NoSuchMethodError'{0x00000007162f4848}: <clinit>> (0x00000007162f4848) thrown at [/scratch/opt/mach5/mesos/work_dir/slaves/2dd962d0-8988-479b-a804-57ab764ada59-S1222/frameworks/1735e8a2-a1db-478c-8104-60c8b0af87dd-0196/executors/1f
Event: 1,428 Thread 0x00007f87ec018000 Exception <a 'java/lang/IncompatibleClassChangeError'{0x00000007197eee50}: Found class java.lang.Object, but interface was expected> (0x00000007197eee50) thrown at [/scratch/opt/mach5/mesos/work_dir/slaves/2dd962d0-8988-479b-a804-57ab764ada59-S1222/framew
Event: 1,897 Thread 0x00007f877c002000 Exception <a 'java/lang/reflect/InvocationTargetException'{0x0000000713b8a110}> (0x0000000713b8a110) thrown at [/scratch/opt/mach5/mesos/work_dir/slaves/2dd962d0-8988-479b-a804-57ab764ada59-S1222/frameworks/1735e8a2-a1db-478c-8104-60c8b0af87dd-0196/execut

Events (10 events):
Event: 2,083 loading class org/springframework/util/StringValueResolver done
Event: 2,083 loading class org/springframework/core/SimpleAliasRegistry
Event: 2,083 loading class org/springframework/core/SimpleAliasRegistry done
Event: 2,083 loading class org/springframework/boot/context/properties/ConfigurationPropertiesValueObjectBeanDefinition
Event: 2,083 loading class org/springframework/boot/context/properties/ConfigurationPropertiesValueObjectBeanDefinition done
Event: 2,087 Executing VM operation: ChangeBreakpoints
Event: 2,087 Executing VM operation: ChangeBreakpoints done
Event: 2,087 Executing VM operation: ChangeBreakpoints
Event: 2,088 Executing VM operation: ChangeBreakpoints done
Event: 2,088 Executing VM operation: ChangeBreakpoints


Dynamic libraries:
00400000-00401000 r-xp 00000000 103:07 2624175                           /usr/lib/jvm/java-11-oracle/bin/java
00600000-00601000 r--p 00000000 103:07 2624175                           /usr/lib/jvm/java-11-oracle/bin/java
00601000-00602000 rw-p 00001000 103:07 2624175                           /usr/lib/jvm/java-11-oracle/bin/java
022ec000-0230d000 rw-p 00000000 00:00 0                                  [heap]
70b400000-71dc00000 rw-p 00000000 00:00 0 
71dc00000-800000000 ---p 00000000 00:00 0 
800000000-8004a0000 rw-p 00000000 00:00 0 
8004a0000-840000000 ---p 00000000 00:00 0 
7f8744000000-7f8744021000 rw-p 00000000 00:00 0 
7f8744021000-7f8748000000 ---p 00000000 00:00 0 
7f8748000000-7f87480ac000 rw-p 00000000 00:00 0 
7f87480ac000-7f874c000000 ---p 00000000 00:00 0 
7f874c000000-7f874c047000 rw-p 00000000 00:00 0 
7f874c047000-7f8750000000 ---p 00000000 00:00 0 
7f8750000000-7f8750021000 rw-p 00000000 00:00 0 
7f8750021000-7f8754000000 ---p 00000000 00:00 0 
7f8754000000-7f8754021000 rw-p 00000000 00:00 0 
7f8754021000-7f8758000000 ---p 00000000 00:00 0 
7f8758000000-7f8758021000 rw-p 00000000 00:00 0 
7f8758021000-7f875c000000 ---p 00000000 00:00 0 
7f875c000000-7f875c021000 rw-p 00000000 00:00 0 
7f875c021000-7f8760000000 ---p 00000000 00:00 0 
7f8760000000-7f8760334000 rw-p 00000000 00:00 0 
7f8760334000-7f8764000000 ---p 00000000 00:00 0 
7f8764000000-7f8764021000 rw-p 00000000 00:00 0 
7f8764021000-7f8768000000 ---p 00000000 00:00 0 
7f8768000000-7f8768021000 rw-p 00000000 00:00 0 
7f8768021000-7f876c000000 ---p 00000000 00:00 0 
7f876c000000-7f876c0a8000 rw-p 00000000 00:00 0 
7f876c0a8000-7f8770000000 ---p 00000000 00:00 0 
7f8770000000-7f8770021000 rw-p 00000000 00:00 0 
7f8770021000-7f8774000000 ---p 00000000 00:00 0 
7f8774000000-7f8774021000 rw-p 00000000 00:00 0 
7f8774021000-7f8778000000 ---p 00000000 00:00 0 
7f8778000000-7f87780ad000 rw-p 00000000 00:00 0 
7f87780ad000-7f877c000000 ---p 00000000 00:00 0 
7f877c000000-7f877c021000 rw-p 00000000 00:00 0 
7f877c021000-7f8780000000 ---p 00000000 00:00 0 
7f8780000000-7f8780021000 rw-p 00000000 00:00 0 
7f8780021000-7f8784000000 ---p 00000000 00:00 0 
7f878505c000-7f878545d000 rw-p 00000000 00:00 0 
7f878545d000-7f87855dd000 ---p 00000000 00:00 0 
7f87855dd000-7f87857dd000 rw-p 00000000 00:00 0 
7f87857dd000-7f87859dd000 rw-p 00000000 00:00 0 
7f87859dd000-7f87859e1000 ---p 00000000 00:00 0 
7f87859e1000-7f8785ade000 rw-p 00000000 00:00 0 
7f8785ade000-7f8785ae2000 ---p 00000000 00:00 0 
7f8785ae2000-7f8785bdf000 rw-p 00000000 00:00 0 
7f8785bdf000-7f8785be3000 ---p 00000000 00:00 0 
7f8785be3000-7f8785ce0000 rw-p 00000000 00:00 0 
7f8785ce0000-7f8785ce4000 ---p 00000000 00:00 0 
7f8785ce4000-7f8785fe1000 rw-p 00000000 00:00 0 
7f8785fe1000-7f87861e1000 rw-p 00000000 00:00 0 
7f87861e1000-7f87863e1000 rw-p 00000000 00:00 0 
7f87863e1000-7f87863e2000 ---p 00000000 00:00 0 
7f87863e2000-7f87864e3000 rw-p 00000000 00:00 0 
7f87864e3000-7f87864e4000 ---p 00000000 00:00 0 
7f87864e4000-7f87867d1000 rw-p 00000000 00:00 0 
7f87867d1000-7f87867e5000 ---p 00000000 00:00 0 
7f87867e5000-7f87869e5000 rw-p 00000000 00:00 0 
7f87869e5000-7f8786be5000 rw-p 00000000 00:00 0 
7f8786be5000-7f8786be9000 ---p 00000000 00:00 0 
7f8786be9000-7f8786ee6000 rw-p 00000000 00:00 0 
7f8786ee6000-7f8786ee7000 ---p 00000000 00:00 0 
7f8786ee7000-7f8786fe8000 rw-p 00000000 00:00 0 
7f8786fe8000-7f8786fe9000 ---p 00000000 00:00 0 
7f8786fe9000-7f87870ea000 rw-p 00000000 00:00 0 
7f87870ea000-7f87870eb000 ---p 00000000 00:00 0 
7f87870eb000-7f87871ec000 rw-p 00000000 00:00 0 
7f87871ec000-7f87871ed000 ---p 00000000 00:00 0 
7f87871ed000-7f87872ee000 rw-p 00000000 00:00 0 
7f87872ee000-7f87872f2000 ---p 00000000 00:00 0 
7f87872f2000-7f87873ef000 rw-p 00000000 00:00 0 
7f87873ef000-7f87873f3000 ---p 00000000 00:00 0 
7f87873f3000-7f87874f0000 rw-p 00000000 00:00 0 
7f87874f0000-7f87874f1000 ---p 00000000 00:00 0 
7f87874f1000-7f87877f2000 rw-p 00000000 00:00 0 
7f87877f2000-7f87877f4000 r-xp 00000000 103:07 2625089                   /usr/lib/jvm/java-11-oracle/lib/libextnet.so
7f87877f4000-7f87879f3000 ---p 00002000 103:07 2625089                   /usr/lib/jvm/java-11-oracle/lib/libextnet.so
7f87879f3000-7f87879f4000 r--p 00001000 103:07 2625089                   /usr/lib/jvm/java-11-oracle/lib/libextnet.so
7f87879f4000-7f87879f5000 rw-p 00002000 103:07 2625089                   /usr/lib/jvm/java-11-oracle/lib/libextnet.so
7f87879f5000-7f8787bf5000 rw-p 00000000 00:00 0 
7f8787bf5000-7f8787bfa000 r-xp 00000000 103:07 2625106                   /usr/lib/jvm/java-11-oracle/lib/libmanagement_ext.so
7f8787bfa000-7f8787df9000 ---p 00005000 103:07 2625106                   /usr/lib/jvm/java-11-oracle/lib/libmanagement_ext.so
7f8787df9000-7f8787dfa000 r--p 00004000 103:07 2625106                   /usr/lib/jvm/java-11-oracle/lib/libmanagement_ext.so
7f8787dfa000-7f8787dfb000 rw-p 00005000 103:07 2625106                   /usr/lib/jvm/java-11-oracle/lib/libmanagement_ext.so
7f8787dfb000-7f8787dff000 r-xp 00000000 103:07 2625104                   /usr/lib/jvm/java-11-oracle/lib/libmanagement.so
7f8787dff000-7f8787ffe000 ---p 00004000 103:07 2625104                   /usr/lib/jvm/java-11-oracle/lib/libmanagement.so
7f8787ffe000-7f8787fff000 r--p 00003000 103:07 2625104                   /usr/lib/jvm/java-11-oracle/lib/libmanagement.so
7f8787fff000-7f8788000000 rw-p 00004000 103:07 2625104                   /usr/lib/jvm/java-11-oracle/lib/libmanagement.so
7f8788000000-7f8788080000 rw-p 00000000 00:00 0 
7f8788080000-7f878c000000 ---p 00000000 00:00 0 
7f878c000000-7f878c021000 rw-p 00000000 00:00 0 
7f878c021000-7f8790000000 ---p 00000000 00:00 0 
7f8790000000-7f87901b6000 rw-p 00000000 00:00 0 
7f87901b6000-7f8794000000 ---p 00000000 00:00 0 
7f8794000000-7f8794030000 rw-p 00000000 00:00 0 
7f8794030000-7f8798000000 ---p 00000000 00:00 0 
7f8798000000-7f8798021000 rw-p 00000000 00:00 0 
7f8798021000-7f879c000000 ---p 00000000 00:00 0 
7f879c000000-7f879c021000 rw-p 00000000 00:00 0 
7f879c021000-7f87a0000000 ---p 00000000 00:00 0 
7f87a0000000-7f87a0021000 rw-p 00000000 00:00 0 
7f87a0021000-7f87a4000000 ---p 00000000 00:00 0 
7f87a4000000-7f87a426e000 rw-p 00000000 00:00 0 
7f87a426e000-7f87a8000000 ---p 00000000 00:00 0 
7f87a8000000-7f87a8021000 rw-p 00000000 00:00 0 
7f87a8021000-7f87ac000000 ---p 00000000 00:00 0 
7f87ac000000-7f87ac021000 rw-p 00000000 00:00 0 
7f87ac021000-7f87b0000000 ---p 00000000 00:00 0 
7f87b0000000-7f87b0021000 rw-p 00000000 00:00 0 
7f87b0021000-7f87b4000000 ---p 00000000 00:00 0 
7f87b4000000-7f87b4043000 rw-p 00000000 00:00 0 
7f87b4043000-7f87b8000000 ---p 00000000 00:00 0 
7f87b8000000-7f87b8021000 rw-p 00000000 00:00 0 
7f87b8021000-7f87bc000000 ---p 00000000 00:00 0 
7f87bc000000-7f87bc021000 rw-p 00000000 00:00 0 
7f87bc021000-7f87c0000000 ---p 00000000 00:00 0 
7f87c00f8000-7f87c00fc000 ---p 00000000 00:00 0 
7f87c00fc000-7f87c01f9000 rw-p 00000000 00:00 0 
7f87c01f9000-7f87c01fd000 ---p 00000000 00:00 0 
7f87c01fd000-7f87c02fa000 rw-p 00000000 00:00 0 
7f87c02fa000-7f87c0310000 r-xp 00000000 103:07 2625108                   /usr/lib/jvm/java-11-oracle/lib/libnet.so
7f87c0310000-7f87c0510000 ---p 00016000 103:07 2625108                   /usr/lib/jvm/java-11-oracle/lib/libnet.so
7f87c0510000-7f87c0511000 r--p 00016000 103:07 2625108                   /usr/lib/jvm/java-11-oracle/lib/libnet.so
7f87c0511000-7f87c0512000 rw-p 00017000 103:07 2625108                   /usr/lib/jvm/java-11-oracle/lib/libnet.so
7f87c0512000-7f87c0522000 r-xp 00000000 103:07 2625109                   /usr/lib/jvm/java-11-oracle/lib/libnio.so
7f87c0522000-7f87c0721000 ---p 00010000 103:07 2625109                   /usr/lib/jvm/java-11-oracle/lib/libnio.so
7f87c0721000-7f87c0722000 r--p 0000f000 103:07 2625109                   /usr/lib/jvm/java-11-oracle/lib/libnio.so
7f87c0722000-7f87c0723000 rw-p 00010000 103:07 2625109                   /usr/lib/jvm/java-11-oracle/lib/libnio.so
7f87c0723000-7f87c0727000 ---p 00000000 00:00 0 
7f87c0727000-7f87c0824000 rw-p 00000000 00:00 0 
7f87c0824000-7f87c0828000 ---p 00000000 00:00 0 
7f87c0828000-7f87c0925000 rw-p 00000000 00:00 0 
7f87c0925000-7f87c0929000 ---p 00000000 00:00 0 
7f87c0929000-7f87c0a26000 rw-p 00000000 00:00 0 
7f87c0a26000-7f87c0a2a000 r-xp 00000000 103:07 2625088                   /usr/lib/jvm/java-11-oracle/lib/libdt_socket.so
7f87c0a2a000-7f87c0c2a000 ---p 00004000 103:07 2625088                   /usr/lib/jvm/java-11-oracle/lib/libdt_socket.so
7f87c0c2a000-7f87c0c2b000 r--p 00004000 103:07 2625088                   /usr/lib/jvm/java-11-oracle/lib/libdt_socket.so
7f87c0c2b000-7f87c0c2c000 rw-p 00005000 103:07 2625088                   /usr/lib/jvm/java-11-oracle/lib/libdt_socket.so
7f87c0c2c000-7f87c0c30000 ---p 00000000 00:00 0 
7f87c0c30000-7f87c0d2d000 rw-p 00000000 00:00 0 
7f87c0d2d000-7f87c0d31000 ---p 00000000 00:00 0 
7f87c0d31000-7f87c0e2e000 rw-p 00000000 00:00 0 
7f87c0e2e000-7f87c1800000 r--p 00000000 103:07 2628106                   /usr/lib/locale/locale-archive
7f87c1800000-7f87c4000000 rw-p 00000000 00:00 0 
7f87c4000000-7f87c4021000 rw-p 00000000 00:00 0 
7f87c4021000-7f87c8000000 ---p 00000000 00:00 0 
7f87c809b000-7f87c809f000 ---p 00000000 00:00 0 
7f87c809f000-7f87c819c000 rw-p 00000000 00:00 0 
7f87c819c000-7f87c81a0000 ---p 00000000 00:00 0 
7f87c81a0000-7f87c829d000 rw-p 00000000 00:00 0 
7f87c829d000-7f87c82a1000 ---p 00000000 00:00 0 
7f87c82a1000-7f87c839e000 rw-p 00000000 00:00 0 
7f87c839e000-7f87c83a2000 ---p 00000000 00:00 0 
7f87c83a2000-7f87c849f000 rw-p 00000000 00:00 0 
7f87c849f000-7f87c84a3000 ---p 00000000 00:00 0 
7f87c84a3000-7f87c8a40000 rw-p 00000000 00:00 0 
7f87c8a40000-7f87cc2d0000 ---p 00000000 00:00 0 
7f87cc2d0000-7f87cc770000 rw-p 00000000 00:00 0 
7f87cc770000-7f87d0000000 ---p 00000000 00:00 0 
7f87d0000000-7f87d0021000 rw-p 00000000 00:00 0 
7f87d0021000-7f87d4000000 ---p 00000000 00:00 0 
7f87d40b3000-7f87d40b4000 ---p 00000000 00:00 0 
7f87d40b4000-7f87d4236000 rw-p 00000000 00:00 0 
7f87d4236000-7f87d4237000 ---p 00000000 00:00 0 
7f87d4237000-7f87d4338000 rw-p 00000000 00:00 0 
7f87d4338000-7f87d4339000 ---p 00000000 00:00 0 
7f87d4339000-7f87d4c42000 rw-p 00000000 00:00 0 
7f87d4c42000-7f87d4f22000 rwxp 00000000 00:00 0 
7f87d4f22000-7f87d5376000 ---p 00000000 00:00 0 
7f87d5376000-7f87d5a46000 rwxp 00000000 00:00 0 
7f87d5a46000-7f87e3c42000 ---p 00000000 00:00 0 
7f87e3c42000-7f87ec000000 r--s 00000000 103:07 2625119                   /usr/lib/jvm/java-11-oracle/lib/modules
7f87ec000000-7f87edc1c000 rw-p 00000000 00:00 0 
7f87edc1c000-7f87f0000000 ---p 00000000 00:00 0 
7f87f002c000-7f87f022e000 rw-p 00000000 00:00 0 
7f87f022e000-7f87f022f000 ---p 00000000 00:00 0 
7f87f022f000-7f87f0330000 rw-p 00000000 00:00 0 
7f87f0330000-7f87f0331000 ---p 00000000 00:00 0 
7f87f0331000-7f87f05c3000 rw-p 00000000 00:00 0 
7f87f05c3000-7f87f0cd5000 ---p 00000000 00:00 0 
7f87f0cd5000-7f87f0d69000 rw-p 00000000 00:00 0 
7f87f0d69000-7f87f147b000 ---p 00000000 00:00 0 
7f87f147b000-7f87f150f000 rw-p 00000000 00:00 0 
7f87f150f000-7f87f1c21000 ---p 00000000 00:00 0 
7f87f1c21000-7f87f262b000 rw-p 00000000 00:00 0 
7f87f262b000-7f87f262c000 ---p 00000000 00:00 0 
7f87f262c000-7f87f273b000 rw-p 00000000 00:00 0 
7f87f273b000-7f87f28ff000 ---p 00000000 00:00 0 
7f87f28ff000-7f87f291a000 r-xp 00000000 103:07 2625100                   /usr/lib/jvm/java-11-oracle/lib/libjimage.so
7f87f291a000-7f87f2b19000 ---p 0001b000 103:07 2625100                   /usr/lib/jvm/java-11-oracle/lib/libjimage.so
7f87f2b19000-7f87f2b1b000 r--p 0001a000 103:07 2625100                   /usr/lib/jvm/java-11-oracle/lib/libjimage.so
7f87f2b1b000-7f87f2b1c000 rw-p 0001c000 103:07 2625100                   /usr/lib/jvm/java-11-oracle/lib/libjimage.so
7f87f2b1c000-7f87f2b23000 r-xp 00000000 103:07 2625118                   /usr/lib/jvm/java-11-oracle/lib/libzip.so
7f87f2b23000-7f87f2d22000 ---p 00007000 103:07 2625118                   /usr/lib/jvm/java-11-oracle/lib/libzip.so
7f87f2d22000-7f87f2d23000 r--p 00006000 103:07 2625118                   /usr/lib/jvm/java-11-oracle/lib/libzip.so
7f87f2d23000-7f87f2d24000 rw-p 00007000 103:07 2625118                   /usr/lib/jvm/java-11-oracle/lib/libzip.so
7f87f2d24000-7f87f2d2f000 r-xp 00000000 103:07 267042                    /lib/x86_64-linux-gnu/libnss_files-2.27.so
7f87f2d2f000-7f87f2f2e000 ---p 0000b000 103:07 267042                    /lib/x86_64-linux-gnu/libnss_files-2.27.so
7f87f2f2e000-7f87f2f2f000 r--p 0000a000 103:07 267042                    /lib/x86_64-linux-gnu/libnss_files-2.27.so
7f87f2f2f000-7f87f2f30000 rw-p 0000b000 103:07 267042                    /lib/x86_64-linux-gnu/libnss_files-2.27.so
7f87f2f30000-7f87f2f36000 rw-p 00000000 00:00 0 
7f87f2f36000-7f87f2f4d000 r-xp 00000000 103:07 267036                    /lib/x86_64-linux-gnu/libnsl-2.27.so
7f87f2f4d000-7f87f314c000 ---p 00017000 103:07 267036                    /lib/x86_64-linux-gnu/libnsl-2.27.so
7f87f314c000-7f87f314d000 r--p 00016000 103:07 267036                    /lib/x86_64-linux-gnu/libnsl-2.27.so
7f87f314d000-7f87f314e000 rw-p 00017000 103:07 267036                    /lib/x86_64-linux-gnu/libnsl-2.27.so
7f87f314e000-7f87f3150000 rw-p 00000000 00:00 0 
7f87f3150000-7f87f315b000 r-xp 00000000 103:07 267053                    /lib/x86_64-linux-gnu/libnss_nis-2.27.so
7f87f315b000-7f87f335a000 ---p 0000b000 103:07 267053                    /lib/x86_64-linux-gnu/libnss_nis-2.27.so
7f87f335a000-7f87f335b000 r--p 0000a000 103:07 267053                    /lib/x86_64-linux-gnu/libnss_nis-2.27.so
7f87f335b000-7f87f335c000 rw-p 0000b000 103:07 267053                    /lib/x86_64-linux-gnu/libnss_nis-2.27.so
7f87f335c000-7f87f3364000 r-xp 00000000 103:07 267038                    /lib/x86_64-linux-gnu/libnss_compat-2.27.so
7f87f3364000-7f87f3564000 ---p 00008000 103:07 267038                    /lib/x86_64-linux-gnu/libnss_compat-2.27.so
7f87f3564000-7f87f3565000 r--p 00008000 103:07 267038                    /lib/x86_64-linux-gnu/libnss_compat-2.27.so
7f87f3565000-7f87f3566000 rw-p 00009000 103:07 267038                    /lib/x86_64-linux-gnu/libnss_compat-2.27.so
7f87f3566000-7f87f3570000 r-xp 00000000 103:07 2625091                   /usr/lib/jvm/java-11-oracle/lib/libinstrument.so
7f87f3570000-7f87f376f000 ---p 0000a000 103:07 2625091                   /usr/lib/jvm/java-11-oracle/lib/libinstrument.so
7f87f376f000-7f87f3770000 r--p 00009000 103:07 2625091                   /usr/lib/jvm/java-11-oracle/lib/libinstrument.so
7f87f3770000-7f87f3771000 rw-p 0000a000 103:07 2625091                   /usr/lib/jvm/java-11-oracle/lib/libinstrument.so
7f87f3771000-7f87f37ac000 r-xp 00000000 103:07 2625099                   /usr/lib/jvm/java-11-oracle/lib/libjdwp.so
7f87f37ac000-7f87f39ab000 ---p 0003b000 103:07 2625099                   /usr/lib/jvm/java-11-oracle/lib/libjdwp.so
7f87f39ab000-7f87f39ac000 r--p 0003a000 103:07 2625099                   /usr/lib/jvm/java-11-oracle/lib/libjdwp.so
7f87f39ac000-7f87f39ad000 rw-p 0003b000 103:07 2625099                   /usr/lib/jvm/java-11-oracle/lib/libjdwp.so
7f87f39ad000-7f87f39d6000 r-xp 00000000 103:07 2625096                   /usr/lib/jvm/java-11-oracle/lib/libjava.so
7f87f39d6000-7f87f3bd6000 ---p 00029000 103:07 2625096                   /usr/lib/jvm/java-11-oracle/lib/libjava.so
7f87f3bd6000-7f87f3bd7000 r--p 00029000 103:07 2625096                   /usr/lib/jvm/java-11-oracle/lib/libjava.so
7f87f3bd7000-7f87f3bd9000 rw-p 0002a000 103:07 2625096                   /usr/lib/jvm/java-11-oracle/lib/libjava.so
7f87f3bd9000-7f87f3be6000 r-xp 00000000 103:07 2625117                   /usr/lib/jvm/java-11-oracle/lib/libverify.so
7f87f3be6000-7f87f3de5000 ---p 0000d000 103:07 2625117                   /usr/lib/jvm/java-11-oracle/lib/libverify.so
7f87f3de5000-7f87f3de7000 r--p 0000c000 103:07 2625117                   /usr/lib/jvm/java-11-oracle/lib/libverify.so
7f87f3de7000-7f87f3de8000 rw-p 0000e000 103:07 2625117                   /usr/lib/jvm/java-11-oracle/lib/libverify.so
7f87f3de8000-7f87f3def000 r-xp 00000000 103:07 267093                    /lib/x86_64-linux-gnu/librt-2.27.so
7f87f3def000-7f87f3fee000 ---p 00007000 103:07 267093                    /lib/x86_64-linux-gnu/librt-2.27.so
7f87f3fee000-7f87f3fef000 r--p 00006000 103:07 267093                    /lib/x86_64-linux-gnu/librt-2.27.so
7f87f3fef000-7f87f3ff0000 rw-p 00007000 103:07 267093                    /lib/x86_64-linux-gnu/librt-2.27.so
7f87f3ff0000-7f87f418d000 r-xp 00000000 103:07 267015                    /lib/x86_64-linux-gnu/libm-2.27.so
7f87f418d000-7f87f438c000 ---p 0019d000 103:07 267015                    /lib/x86_64-linux-gnu/libm-2.27.so
7f87f438c000-7f87f438d000 r--p 0019c000 103:07 267015                    /lib/x86_64-linux-gnu/libm-2.27.so
7f87f438d000-7f87f438e000 rw-p 0019d000 103:07 267015                    /lib/x86_64-linux-gnu/libm-2.27.so
7f87f438e000-7f87f54cd000 r-xp 00000000 103:07 2625130                   /usr/lib/jvm/java-11-oracle/lib/server/libjvm.so
7f87f54cd000-7f87f56cd000 ---p 0113f000 103:07 2625130                   /usr/lib/jvm/java-11-oracle/lib/server/libjvm.so
7f87f56cd000-7f87f578c000 r--p 0113f000 103:07 2625130                   /usr/lib/jvm/java-11-oracle/lib/server/libjvm.so
7f87f578c000-7f87f57c5000 rw-p 011fe000 103:07 2625130                   /usr/lib/jvm/java-11-oracle/lib/server/libjvm.so
7f87f57c5000-7f87f581b000 rw-p 00000000 00:00 0 
7f87f581b000-7f87f5a02000 r-xp 00000000 103:07 266952                    /lib/x86_64-linux-gnu/libc-2.27.so
7f87f5a02000-7f87f5c02000 ---p 001e7000 103:07 266952                    /lib/x86_64-linux-gnu/libc-2.27.so
7f87f5c02000-7f87f5c06000 r--p 001e7000 103:07 266952                    /lib/x86_64-linux-gnu/libc-2.27.so
7f87f5c06000-7f87f5c08000 rw-p 001eb000 103:07 266952                    /lib/x86_64-linux-gnu/libc-2.27.so
7f87f5c08000-7f87f5c0c000 rw-p 00000000 00:00 0 
7f87f5c0c000-7f87f5c0f000 r-xp 00000000 103:07 266975                    /lib/x86_64-linux-gnu/libdl-2.27.so
7f87f5c0f000-7f87f5e0e000 ---p 00003000 103:07 266975                    /lib/x86_64-linux-gnu/libdl-2.27.so
7f87f5e0e000-7f87f5e0f000 r--p 00002000 103:07 266975                    /lib/x86_64-linux-gnu/libdl-2.27.so
7f87f5e0f000-7f87f5e10000 rw-p 00003000 103:07 266975                    /lib/x86_64-linux-gnu/libdl-2.27.so
7f87f5e10000-7f87f5e20000 r-xp 00000000 103:07 2625081                   /usr/lib/jvm/java-11-oracle/lib/jli/libjli.so
7f87f5e20000-7f87f601f000 ---p 00010000 103:07 2625081                   /usr/lib/jvm/java-11-oracle/lib/jli/libjli.so
7f87f601f000-7f87f6020000 r--p 0000f000 103:07 2625081                   /usr/lib/jvm/java-11-oracle/lib/jli/libjli.so
7f87f6020000-7f87f6021000 rw-p 00010000 103:07 2625081                   /usr/lib/jvm/java-11-oracle/lib/jli/libjli.so
7f87f6021000-7f87f603b000 r-xp 00000000 103:07 267085                    /lib/x86_64-linux-gnu/libpthread-2.27.so
7f87f603b000-7f87f623a000 ---p 0001a000 103:07 267085                    /lib/x86_64-linux-gnu/libpthread-2.27.so
7f87f623a000-7f87f623b000 r--p 00019000 103:07 267085                    /lib/x86_64-linux-gnu/libpthread-2.27.so
7f87f623b000-7f87f623c000 rw-p 0001a000 103:07 267085                    /lib/x86_64-linux-gnu/libpthread-2.27.so
7f87f623c000-7f87f6240000 rw-p 00000000 00:00 0 
7f87f6240000-7f87f625c000 r-xp 00000000 103:07 267124                    /lib/x86_64-linux-gnu/libz.so.1.2.11
7f87f625c000-7f87f645b000 ---p 0001c000 103:07 267124                    /lib/x86_64-linux-gnu/libz.so.1.2.11
7f87f645b000-7f87f645c000 r--p 0001b000 103:07 267124                    /lib/x86_64-linux-gnu/libz.so.1.2.11
7f87f645c000-7f87f645d000 rw-p 0001c000 103:07 267124                    /lib/x86_64-linux-gnu/libz.so.1.2.11
7f87f645d000-7f87f6484000 r-xp 00000000 103:07 266924                    /lib/x86_64-linux-gnu/ld-2.27.so
7f87f64ff000-7f87f6560000 rw-p 00000000 00:00 0 
7f87f6560000-7f87f6569000 ---p 00000000 00:00 0 
7f87f6569000-7f87f656d000 ---p 00000000 00:00 0 
7f87f656d000-7f87f666e000 rw-p 00000000 00:00 0 
7f87f6672000-7f87f6673000 r--s 00002000 07:14 3657                       /snap/intellij-idea-ultimate/204/plugins/java/lib/rt/debugger-agent-storage.jar
7f87f6673000-7f87f667a000 r--s 00000000 103:07 2886534                   /usr/lib/x86_64-linux-gnu/gconv/gconv-modules.cache
7f87f667a000-7f87f6682000 rw-s 00000000 103:07 11534918                  /tmp/hsperfdata_rphgoossens/10476
7f87f6682000-7f87f6683000 ---p 00000000 00:00 0 
7f87f6683000-7f87f6684000 r--p 00000000 00:00 0 
7f87f6684000-7f87f6685000 r--p 00027000 103:07 266924                    /lib/x86_64-linux-gnu/ld-2.27.so
7f87f6685000-7f87f6686000 rw-p 00028000 103:07 266924                    /lib/x86_64-linux-gnu/ld-2.27.so
7f87f6686000-7f87f6687000 rw-p 00000000 00:00 0 
7fff94897000-7fff948bc000 rw-p 00000000 00:00 0                          [stack]
7fff9495b000-7fff9495e000 r--p 00000000 00:00 0                          [vvar]
7fff9495e000-7fff9495f000 r-xp 00000000 00:00 0                          [vdso]
ffffffffff600000-ffffffffff601000 --xp 00000000 00:00 0                  [vsyscall]


VM Arguments:
jvm_args: -agentlib:jdwp=transport=dt_socket,address=127.0.0.1:36235,suspend=y,server=n -XX:TieredStopAtLevel=1 -Xverify:none -Dspring.output.ansi.enabled=always -Dcom.sun.management.jmxremote -Dspring.jmx.enabled=true -Dspring.liveBeansView.mbeanDomain -Dspring.application.admin.enabled=true -javaagent:/snap/intellij-idea-ultimate/204/plugins/java/lib/rt/debugger-agent.jar -Dfile.encoding=UTF-8 
java_command: nl.terrax.camel.Application
java_class_path (initial): /home/rphgoossens/Work/camel-rest-metrics/target/classes:/home/rphgoossens/.m2/repository/io/hawt/hawtio-springboot/2.8.0/hawtio-springboot-2.8.0.jar:/home/rphgoossens/.m2/repository/io/hawt/hawtio-system/2.8.0/hawtio-system-2.8.0.jar:/home/rphgoossens/.m2/repository/io/hawt/hawtio-core/2.8.0/hawtio-core-2.8.0.jar:/home/rphgoossens/.m2/repository/io/hawt/hawtio-util/2.8.0/hawtio-util-2.8.0.jar:/home/rphgoossens/.m2/repository/org/jolokia/jolokia-core/1.6.2/jolokia-core-1.6.2.jar:/home/rphgoossens/.m2/repository/com/googlecode/json-simple/json-simple/1.1.1/json-simple-1.1.1.jar:/home/rphgoossens/.m2/repository/org/apache/httpcomponents/httpclient/4.5.11/httpclient-4.5.11.jar:/home/rphgoossens/.m2/repository/org/apache/httpcomponents/httpcore/4.4.13/httpcore-4.4.13.jar:/home/rphgoossens/.m2/repository/commons-httpclient/commons-httpclient/3.1/commons-httpclient-3.1.jar:/home/rphgoossens/.m2/repository/commons-logging/commons-logging/1.2/commons-logging-1.2.jar:/home/rphgoossens/.m2/repository/commons-io/commons-io/2.6/commons-io-2.6.jar:/home/rphgoossens/.m2/repository/commons-codec/commons-codec/1.13/commons-codec-1.13.jar:/home/rphgoossens/.m2/repository/org/json/json/20171018/json-20171018.jar:/home/rphgoossens/.m2/repository/org/springframework/boot/spring-boot-actuator/2.2.5.RELEASE/spring-boot-actuator-2.2.5.RELEASE.jar:/home/rphgoossens/.m2/repository/org/springframework/boot/spring-boot/2.2.5.RELEASE/spring-boot-2.2.5.RELEASE.jar:/home/rphgoossens/.m2/repository/com/fasterxml/jackson/datatype/jackson-datatype-jsr310/2.10.2/jackson-datatype-jsr310-2.10.2.jar:/home/rphgoossens/.m2/repository/com/fasterxml/jackson/core/jackson-core/2.10.2/jackson-core-2.10.2.jar:/home/rphgoossens/.m2/repository/org/springframework/boot/spring-boot-actuator-autoconfigure/2.2.5.RELEASE/spring-boot-actuator-autoconfigure-2.2.5.RELEASE.jar:/home/rphgoossens/.m2/repository/org/springframework/boot/spring-boot-autoconfigure/2.2.5.RELEASE/spring-boot-autocon
Launcher Type: SUN_STANDARD

[Global flags]
     bool BytecodeVerificationLocal                = false                                     {product} {command line}
     bool BytecodeVerificationRemote               = false                                     {product} {command line}
     intx CICompilerCount                          = 4                                         {product} {ergonomic}
     uint ConcGCThreads                            = 3                                         {product} {ergonomic}
     uint G1ConcRefinementThreads                  = 10                                        {product} {ergonomic}
   size_t G1HeapRegionSize                         = 1048576                                   {product} {ergonomic}
    uintx GCDrainStackTargetSize                   = 64                                        {product} {ergonomic}
   size_t InitialHeapSize                          = 257949696                                 {product} {ergonomic}
     bool ManagementServer                         = true                                      {product} {command line}
   size_t MarkStackSize                            = 4194304                                   {product} {ergonomic}
   size_t MaxHeapSize                              = 4106223616                                {product} {ergonomic}
   size_t MaxNewSize                               = 2463105024                                {product} {ergonomic}
   size_t MinHeapDeltaBytes                        = 1048576                                   {product} {ergonomic}
    uintx NonNMethodCodeHeapSize                   = 7549744                                {pd product} {ergonomic}
    uintx NonProfiledCodeHeapSize                  = 244108496                              {pd product} {ergonomic}
    uintx ProfiledCodeHeapSize                     = 0                                      {pd product} {ergonomic}
    uintx ReservedCodeCacheSize                    = 251658240                              {pd product} {ergonomic}
     bool SegmentedCodeCache                       = true                                      {product} {ergonomic}
     intx TieredStopAtLevel                        = 1                                         {product} {command line}
     bool UseCompressedClassPointers               = true                                 {lp64_product} {ergonomic}
     bool UseCompressedOops                        = true                                 {lp64_product} {ergonomic}
     bool UseG1GC                                  = true                                      {product} {ergonomic}

Logging:
Log output configuration:
 #0: stdout all=warning uptime,level,tags
 #1: stderr all=off uptime,level,tags

Environment Variables:
JAVA_HOME=/usr/lib/jvm/java-11-oracle
PATH=/usr/local/sbin:/usr/local/bin:/usr/sbin:/usr/bin:/sbin:/bin:/usr/games:/usr/local/games:/snap/bin:/usr/lib/jvm/java-11-oracle/bin:/usr/lib/jvm/java-11-oracle/db/bin
USERNAME=rphgoossens
SHELL=/bin/bash
DISPLAY=:0

Signal Handlers:
SIGSEGV: [libjvm.so+0xe2adf0], sa_mask[0]=11111111011111111101111111111110, sa_flags=SA_RESTART|SA_SIGINFO
SIGBUS: [libjvm.so+0xe2adf0], sa_mask[0]=11111111011111111101111111111110, sa_flags=SA_RESTART|SA_SIGINFO
SIGFPE: [libjvm.so+0xe2adf0], sa_mask[0]=11111111011111111101111111111110, sa_flags=SA_RESTART|SA_SIGINFO
SIGPIPE: [libjvm.so+0xbff5b0], sa_mask[0]=11111111011111111101111111111110, sa_flags=SA_RESTART|SA_SIGINFO
SIGXFSZ: [libjvm.so+0xbff5b0], sa_mask[0]=11111111011111111101111111111110, sa_flags=SA_RESTART|SA_SIGINFO
SIGILL: [libjvm.so+0xe2adf0], sa_mask[0]=11111111011111111101111111111110, sa_flags=SA_RESTART|SA_SIGINFO
SIGUSR2: [libjvm.so+0xbff450], sa_mask[0]=00100000000000000000000000000000, sa_flags=SA_RESTART|SA_SIGINFO
SIGHUP: [libjvm.so+0xbff7b0], sa_mask[0]=11111111011111111101111111111110, sa_flags=SA_RESTART|SA_SIGINFO
SIGINT: [libjvm.so+0xbff7b0], sa_mask[0]=11111111011111111101111111111110, sa_flags=SA_RESTART|SA_SIGINFO
SIGTERM: [libjvm.so+0xbff7b0], sa_mask[0]=11111111011111111101111111111110, sa_flags=SA_RESTART|SA_SIGINFO
SIGQUIT: [libjvm.so+0xbff7b0], sa_mask[0]=11111111011111111101111111111110, sa_flags=SA_RESTART|SA_SIGINFO


---------------  S Y S T E M  ---------------

OS:DISTRIB_ID=Ubuntu
DISTRIB_RELEASE=18.04
DISTRIB_CODENAME=bionic
DISTRIB_DESCRIPTION="Ubuntu 18.04.4 LTS"
uname:Linux 5.3.0-40-generic #32~18.04.1-Ubuntu SMP Mon Feb 3 14:05:59 UTC 2020 x86_64
libc:glibc 2.27 NPTL 2.27 
rlimit: STACK 8192k, CORE 0k, NPROC 62433, NOFILE 1048576, AS infinity, DATA infinity, FSIZE infinity
load average:0,92 0,93 1,10

/proc/meminfo:
MemTotal:       16031776 kB
MemFree:         3237032 kB
MemAvailable:    4608580 kB
Buffers:          280540 kB
Cached:          1723968 kB
SwapCached:       150300 kB
Active:          9613372 kB
Inactive:        2490588 kB
Active(anon):    8708540 kB
Inactive(anon):  1839116 kB
Active(file):     904832 kB
Inactive(file):   651472 kB
Unevictable:       12584 kB
Mlocked:              48 kB
SwapTotal:       2097148 kB
SwapFree:        1902588 kB
Dirty:             12900 kB
Writeback:             0 kB
AnonPages:       9962404 kB
Mapped:          1050532 kB
Shmem:            535704 kB
KReclaimable:     166216 kB
Slab:             387580 kB
SReclaimable:     166216 kB
SUnreclaim:       221364 kB
KernelStack:       28480 kB
PageTables:        99176 kB
NFS_Unstable:          0 kB
Bounce:                0 kB
WritebackTmp:          0 kB
CommitLimit:    10113036 kB
Committed_AS:   21729144 kB
VmallocTotal:   34359738367 kB
VmallocUsed:       51408 kB
VmallocChunk:          0 kB
Percpu:            15104 kB
HardwareCorrupted:     0 kB
AnonHugePages:         0 kB
ShmemHugePages:        0 kB
ShmemPmdMapped:        0 kB
CmaTotal:              0 kB
CmaFree:               0 kB
HugePages_Total:       0
HugePages_Free:        0
HugePages_Rsvd:        0
HugePages_Surp:        0
Hugepagesize:       2048 kB
Hugetlb:               0 kB
DirectMap4k:      475112 kB
DirectMap2M:    14886912 kB
DirectMap1G:     1048576 kB


/proc/sys/kernel/threads-max (system-wide limit on the number of threads):
124867


/proc/sys/vm/max_map_count (maximum number of memory map areas a process may have):
65530


/proc/sys/kernel/pid_max (system-wide limit on number of process identifiers):
32768



container (cgroup) information:
container_type: cgroupv1
cpu_cpuset_cpus: 0-11
cpu_memory_nodes: 0
active_processor_count: 12
cpu_quota: -1
cpu_period: 100000
cpu_shares: -1
memory_limit_in_bytes: -1
memory_and_swap_limit_in_bytes: -2
memory_soft_limit_in_bytes: -1
memory_usage_in_bytes: 10819592192
memory_max_usage_in_bytes: 13991354368


CPU:total 12 (initial active 12) (6 cores per cpu, 2 threads per core) family 6 model 158 stepping 10, cmov, cx8, fxsr, mmx, sse, sse2, sse3, ssse3, sse4.1, sse4.2, popcnt, avx, avx2, aes, clmul, erms, 3dnowpref, lzcnt, ht, tsc, tscinvbit, bmi1, bmi2, adx, fma
CPU Model and flags from /proc/cpuinfo:
model name	: Intel(R) Core(TM) i7-8750H CPU @ 2.20GHz
flags		: fpu vme de pse tsc msr pae mce cx8 apic sep mtrr pge mca cmov pat pse36 clflush dts acpi mmx fxsr sse sse2 ss ht tm pbe syscall nx pdpe1gb rdtscp lm constant_tsc art arch_perfmon pebs bts rep_good nopl xtopology nonstop_tsc cpuid aperfmperf pni pclmulqdq dtes64 monitor ds_cpl vmx est tm2 ssse3 sdbg fma cx16 xtpr pdcm pcid sse4_1 sse4_2 x2apic movbe popcnt tsc_deadline_timer aes xsave avx f16c rdrand lahf_lm abm 3dnowprefetch cpuid_fault epb invpcid_single pti ssbd ibrs ibpb stibp tpr_shadow vnmi flexpriority ept vpid ept_ad fsgsbase tsc_adjust bmi1 avx2 smep bmi2 erms invpcid mpx rdseed adx smap clflushopt intel_pt xsaveopt xsavec xgetbv1 xsaves dtherm ida arat pln pts hwp hwp_notify hwp_act_window hwp_epp md_clear flush_l1d

Memory: 4k page, physical 16031776k(3237032k free), swap 2097148k(1902588k free)

vm_info: Java HotSpot(TM) 64-Bit Server VM (11.0.2+9-LTS) for linux-amd64 JRE (11.0.2+9-LTS), built on Jan 17 2019 21:22:50 by "mach5one" with gcc 7.3.0

END.
